<?xml version="1.0" encoding="UTF-8"?>
<testsuite xmlns:xsi="http://www.w3.org/2001/XMLSchema-instance" xsi:noNamespaceSchemaLocation="https://maven.apache.org/surefire/maven-surefire-plugin/xsd/surefire-test-report-3.0.xsd" version="3.0" name="Login Data Driven with Excel" time="11.274" tests="3" errors="0" skipped="0" failures="3">
  <properties>
    <property name="java.specification.version" value="17"/>
    <property name="sun.cpu.isalist" value="amd64"/>
    <property name="sun.jnu.encoding" value="Cp1252"/>
    <property name="java.class.path" value="C:\Users\ITamas\IdeaProjects\opencart_cucumber_framework\target\test-classes;C:\Users\ITamas\IdeaProjects\opencart_cucumber_framework\target\classes;C:\Users\ITamas\.m2\repository\org\seleniumhq\selenium\selenium-java\4.10.0\selenium-java-4.10.0.jar;C:\Users\ITamas\.m2\repository\org\seleniumhq\selenium\selenium-api\4.10.0\selenium-api-4.10.0.jar;C:\Users\ITamas\.m2\repository\org\seleniumhq\selenium\selenium-chrome-driver\4.10.0\selenium-chrome-driver-4.10.0.jar;C:\Users\ITamas\.m2\repository\com\google\auto\service\auto-service-annotations\1.0.1\auto-service-annotations-1.0.1.jar;C:\Users\ITamas\.m2\repository\com\google\auto\service\auto-service\1.0.1\auto-service-1.0.1.jar;C:\Users\ITamas\.m2\repository\com\google\auto\auto-common\1.2\auto-common-1.2.jar;C:\Users\ITamas\.m2\repository\com\google\guava\guava\31.1-jre\guava-31.1-jre.jar;C:\Users\ITamas\.m2\repository\com\google\guava\failureaccess\1.0.1\failureaccess-1.0.1.jar;C:\Users\ITamas\.m2\repository\com\google\guava\listenablefuture\9999.0-empty-to-avoid-conflict-with-guava\listenablefuture-9999.0-empty-to-avoid-conflict-with-guava.jar;C:\Users\ITamas\.m2\repository\com\google\code\findbugs\jsr305\3.0.2\jsr305-3.0.2.jar;C:\Users\ITamas\.m2\repository\org\checkerframework\checker-qual\3.12.0\checker-qual-3.12.0.jar;C:\Users\ITamas\.m2\repository\com\google\errorprone\error_prone_annotations\2.11.0\error_prone_annotations-2.11.0.jar;C:\Users\ITamas\.m2\repository\com\google\j2objc\j2objc-annotations\1.3\j2objc-annotations-1.3.jar;C:\Users\ITamas\.m2\repository\org\seleniumhq\selenium\selenium-chromium-driver\4.10.0\selenium-chromium-driver-4.10.0.jar;C:\Users\ITamas\.m2\repository\org\seleniumhq\selenium\selenium-json\4.10.0\selenium-json-4.10.0.jar;C:\Users\ITamas\.m2\repository\org\seleniumhq\selenium\selenium-manager\4.10.0\selenium-manager-4.10.0.jar;C:\Users\ITamas\.m2\repository\org\seleniumhq\selenium\selenium-devtools-v112\4.10.0\selenium-devtools-v112-4.10.0.jar;C:\Users\ITamas\.m2\repository\org\seleniumhq\selenium\selenium-devtools-v113\4.10.0\selenium-devtools-v113-4.10.0.jar;C:\Users\ITamas\.m2\repository\org\seleniumhq\selenium\selenium-devtools-v114\4.10.0\selenium-devtools-v114-4.10.0.jar;C:\Users\ITamas\.m2\repository\org\seleniumhq\selenium\selenium-devtools-v85\4.10.0\selenium-devtools-v85-4.10.0.jar;C:\Users\ITamas\.m2\repository\org\seleniumhq\selenium\selenium-edge-driver\4.10.0\selenium-edge-driver-4.10.0.jar;C:\Users\ITamas\.m2\repository\org\seleniumhq\selenium\selenium-firefox-driver\4.10.0\selenium-firefox-driver-4.10.0.jar;C:\Users\ITamas\.m2\repository\org\seleniumhq\selenium\selenium-http\4.10.0\selenium-http-4.10.0.jar;C:\Users\ITamas\.m2\repository\dev\failsafe\failsafe\3.3.1\failsafe-3.3.1.jar;C:\Users\ITamas\.m2\repository\org\seleniumhq\selenium\selenium-ie-driver\4.10.0\selenium-ie-driver-4.10.0.jar;C:\Users\ITamas\.m2\repository\org\seleniumhq\selenium\selenium-remote-driver\4.10.0\selenium-remote-driver-4.10.0.jar;C:\Users\ITamas\.m2\repository\io\netty\netty-buffer\4.1.92.Final\netty-buffer-4.1.92.Final.jar;C:\Users\ITamas\.m2\repository\io\netty\netty-codec-http\4.1.92.Final\netty-codec-http-4.1.92.Final.jar;C:\Users\ITamas\.m2\repository\io\netty\netty-codec\4.1.92.Final\netty-codec-4.1.92.Final.jar;C:\Users\ITamas\.m2\repository\io\netty\netty-handler\4.1.92.Final\netty-handler-4.1.92.Final.jar;C:\Users\ITamas\.m2\repository\io\netty\netty-common\4.1.92.Final\netty-common-4.1.92.Final.jar;C:\Users\ITamas\.m2\repository\io\netty\netty-transport-classes-epoll\4.1.92.Final\netty-transport-classes-epoll-4.1.92.Final.jar;C:\Users\ITamas\.m2\repository\io\netty\netty-transport-classes-kqueue\4.1.92.Final\netty-transport-classes-kqueue-4.1.92.Final.jar;C:\Users\ITamas\.m2\repository\io\netty\netty-transport-native-epoll\4.1.92.Final\netty-transport-native-epoll-4.1.92.Final.jar;C:\Users\ITamas\.m2\repository\io\netty\netty-transport-native-kqueue\4.1.92.Final\netty-transport-native-kqueue-4.1.92.Final.jar;C:\Users\ITamas\.m2\repository\io\netty\netty-transport-native-unix-common\4.1.92.Final\netty-transport-native-unix-common-4.1.92.Final.jar;C:\Users\ITamas\.m2\repository\io\netty\netty-transport\4.1.92.Final\netty-transport-4.1.92.Final.jar;C:\Users\ITamas\.m2\repository\io\netty\netty-resolver\4.1.92.Final\netty-resolver-4.1.92.Final.jar;C:\Users\ITamas\.m2\repository\io\opentelemetry\opentelemetry-api\1.26.0\opentelemetry-api-1.26.0.jar;C:\Users\ITamas\.m2\repository\io\opentelemetry\opentelemetry-context\1.26.0\opentelemetry-context-1.26.0.jar;C:\Users\ITamas\.m2\repository\io\opentelemetry\opentelemetry-exporter-logging\1.26.0\opentelemetry-exporter-logging-1.26.0.jar;C:\Users\ITamas\.m2\repository\io\opentelemetry\opentelemetry-sdk-metrics\1.26.0\opentelemetry-sdk-metrics-1.26.0.jar;C:\Users\ITamas\.m2\repository\io\opentelemetry\opentelemetry-extension-incubator\1.26.0-alpha\opentelemetry-extension-incubator-1.26.0-alpha.jar;C:\Users\ITamas\.m2\repository\io\opentelemetry\opentelemetry-sdk-logs\1.26.0-alpha\opentelemetry-sdk-logs-1.26.0-alpha.jar;C:\Users\ITamas\.m2\repository\io\opentelemetry\opentelemetry-api-logs\1.26.0-alpha\opentelemetry-api-logs-1.26.0-alpha.jar;C:\Users\ITamas\.m2\repository\io\opentelemetry\opentelemetry-api-events\1.26.0-alpha\opentelemetry-api-events-1.26.0-alpha.jar;C:\Users\ITamas\.m2\repository\io\opentelemetry\opentelemetry-sdk-common\1.26.0\opentelemetry-sdk-common-1.26.0.jar;C:\Users\ITamas\.m2\repository\io\opentelemetry\opentelemetry-sdk-extension-autoconfigure-spi\1.26.0\opentelemetry-sdk-extension-autoconfigure-spi-1.26.0.jar;C:\Users\ITamas\.m2\repository\io\opentelemetry\opentelemetry-sdk-extension-autoconfigure\1.26.0-alpha\opentelemetry-sdk-extension-autoconfigure-1.26.0-alpha.jar;C:\Users\ITamas\.m2\repository\io\opentelemetry\opentelemetry-sdk-trace\1.26.0\opentelemetry-sdk-trace-1.26.0.jar;C:\Users\ITamas\.m2\repository\io\opentelemetry\opentelemetry-sdk\1.26.0\opentelemetry-sdk-1.26.0.jar;C:\Users\ITamas\.m2\repository\io\opentelemetry\opentelemetry-semconv\1.26.0-alpha\opentelemetry-semconv-1.26.0-alpha.jar;C:\Users\ITamas\.m2\repository\net\bytebuddy\byte-buddy\1.14.4\byte-buddy-1.14.4.jar;C:\Users\ITamas\.m2\repository\org\apache\commons\commons-exec\1.3\commons-exec-1.3.jar;C:\Users\ITamas\.m2\repository\org\asynchttpclient\async-http-client\2.12.3\async-http-client-2.12.3.jar;C:\Users\ITamas\.m2\repository\org\asynchttpclient\async-http-client-netty-utils\2.12.3\async-http-client-netty-utils-2.12.3.jar;C:\Users\ITamas\.m2\repository\io\netty\netty-codec-socks\4.1.60.Final\netty-codec-socks-4.1.60.Final.jar;C:\Users\ITamas\.m2\repository\io\netty\netty-handler-proxy\4.1.60.Final\netty-handler-proxy-4.1.60.Final.jar;C:\Users\ITamas\.m2\repository\io\netty\netty-transport-native-epoll\4.1.60.Final\netty-transport-native-epoll-4.1.60.Final-linux-x86_64.jar;C:\Users\ITamas\.m2\repository\io\netty\netty-transport-native-kqueue\4.1.60.Final\netty-transport-native-kqueue-4.1.60.Final-osx-x86_64.jar;C:\Users\ITamas\.m2\repository\org\reactivestreams\reactive-streams\1.0.3\reactive-streams-1.0.3.jar;C:\Users\ITamas\.m2\repository\com\typesafe\netty\netty-reactive-streams\2.0.4\netty-reactive-streams-2.0.4.jar;C:\Users\ITamas\.m2\repository\com\sun\activation\jakarta.activation\1.2.2\jakarta.activation-1.2.2.jar;C:\Users\ITamas\.m2\repository\org\seleniumhq\selenium\selenium-safari-driver\4.10.0\selenium-safari-driver-4.10.0.jar;C:\Users\ITamas\.m2\repository\org\seleniumhq\selenium\selenium-support\4.10.0\selenium-support-4.10.0.jar;C:\Users\ITamas\.m2\repository\io\cucumber\cucumber-java\7.13.0\cucumber-java-7.13.0.jar;C:\Users\ITamas\.m2\repository\io\cucumber\cucumber-core\7.13.0\cucumber-core-7.13.0.jar;C:\Users\ITamas\.m2\repository\io\cucumber\cucumber-gherkin\7.13.0\cucumber-gherkin-7.13.0.jar;C:\Users\ITamas\.m2\repository\io\cucumber\cucumber-gherkin-messages\7.13.0\cucumber-gherkin-messages-7.13.0.jar;C:\Users\ITamas\.m2\repository\io\cucumber\gherkin\26.2.0\gherkin-26.2.0.jar;C:\Users\ITamas\.m2\repository\io\cucumber\messages\22.0.0\messages-22.0.0.jar;C:\Users\ITamas\.m2\repository\io\cucumber\tag-expressions\5.0.1\tag-expressions-5.0.1.jar;C:\Users\ITamas\.m2\repository\io\cucumber\cucumber-expressions\16.1.2\cucumber-expressions-16.1.2.jar;C:\Users\ITamas\.m2\repository\io\cucumber\datatable\7.13.0\datatable-7.13.0.jar;C:\Users\ITamas\.m2\repository\io\cucumber\cucumber-plugin\7.13.0\cucumber-plugin-7.13.0.jar;C:\Users\ITamas\.m2\repository\io\cucumber\docstring\7.13.0\docstring-7.13.0.jar;C:\Users\ITamas\.m2\repository\io\cucumber\html-formatter\20.3.1\html-formatter-20.3.1.jar;C:\Users\ITamas\.m2\repository\io\cucumber\junit-xml-formatter\0.2.0\junit-xml-formatter-0.2.0.jar;C:\Users\ITamas\.m2\repository\io\cucumber\ci-environment\9.2.0\ci-environment-9.2.0.jar;C:\Users\ITamas\.m2\repository\org\apiguardian\apiguardian-api\1.1.2\apiguardian-api-1.1.2.jar;C:\Users\ITamas\.m2\repository\io\cucumber\cucumber-junit\7.13.0\cucumber-junit-7.13.0.jar;C:\Users\ITamas\.m2\repository\junit\junit\4.13.2\junit-4.13.2.jar;C:\Users\ITamas\.m2\repository\org\hamcrest\hamcrest-core\1.3\hamcrest-core-1.3.jar;C:\Users\ITamas\.m2\repository\org\apache\poi\poi\5.2.3\poi-5.2.3.jar;C:\Users\ITamas\.m2\repository\commons-codec\commons-codec\1.15\commons-codec-1.15.jar;C:\Users\ITamas\.m2\repository\org\apache\commons\commons-collections4\4.4\commons-collections4-4.4.jar;C:\Users\ITamas\.m2\repository\org\apache\commons\commons-math3\3.6.1\commons-math3-3.6.1.jar;C:\Users\ITamas\.m2\repository\com\zaxxer\SparseBitSet\1.2\SparseBitSet-1.2.jar;C:\Users\ITamas\.m2\repository\org\apache\logging\log4j\log4j-api\2.18.0\log4j-api-2.18.0.jar;C:\Users\ITamas\.m2\repository\org\apache\poi\poi-ooxml\5.2.3\poi-ooxml-5.2.3.jar;C:\Users\ITamas\.m2\repository\org\apache\poi\poi-ooxml-lite\5.2.3\poi-ooxml-lite-5.2.3.jar;C:\Users\ITamas\.m2\repository\org\apache\xmlbeans\xmlbeans\5.1.1\xmlbeans-5.1.1.jar;C:\Users\ITamas\.m2\repository\org\apache\commons\commons-compress\1.21\commons-compress-1.21.jar;C:\Users\ITamas\.m2\repository\com\github\virtuald\curvesapi\1.07\curvesapi-1.07.jar;C:\Users\ITamas\.m2\repository\commons-io\commons-io\2.13.0\commons-io-2.13.0.jar;C:\Users\ITamas\.m2\repository\org\apache\commons\commons-lang3\3.13.0\commons-lang3-3.13.0.jar;C:\Users\ITamas\.m2\repository\org\slf4j\slf4j-api\2.0.7\slf4j-api-2.0.7.jar;C:\Users\ITamas\.m2\repository\ch\qos\logback\logback-classic\1.4.9\logback-classic-1.4.9.jar;C:\Users\ITamas\.m2\repository\ch\qos\logback\logback-core\1.4.9\logback-core-1.4.9.jar;"/>
    <property name="java.vm.vendor" value="Amazon.com Inc."/>
    <property name="sun.arch.data.model" value="64"/>
    <property name="user.variant" value=""/>
    <property name="java.vendor.url" value="https://aws.amazon.com/corretto/"/>
    <property name="user.timezone" value="Europe/Bucharest"/>
    <property name="os.name" value="Windows 10"/>
    <property name="java.vm.specification.version" value="17"/>
    <property name="sun.java.launcher" value="SUN_STANDARD"/>
    <property name="user.country" value="US"/>
    <property name="sun.boot.library.path" value="C:\Users\ITamas\.jdks\corretto-17.0.7\bin"/>
    <property name="sun.java.command" value="C:\Users\ITamas\AppData\Local\Temp\surefire18081687007311003016\surefirebooter-20230808142920331_3.jar C:\Users\ITamas\AppData\Local\Temp\surefire18081687007311003016 2023-08-08T14-29-17_692-jvmRun1 surefire-20230808142920331_1tmp surefire_0-20230808142920331_2tmp"/>
    <property name="jdk.debug" value="release"/>
    <property name="surefire.test.class.path" value="C:\Users\ITamas\IdeaProjects\opencart_cucumber_framework\target\test-classes;C:\Users\ITamas\IdeaProjects\opencart_cucumber_framework\target\classes;C:\Users\ITamas\.m2\repository\org\seleniumhq\selenium\selenium-java\4.10.0\selenium-java-4.10.0.jar;C:\Users\ITamas\.m2\repository\org\seleniumhq\selenium\selenium-api\4.10.0\selenium-api-4.10.0.jar;C:\Users\ITamas\.m2\repository\org\seleniumhq\selenium\selenium-chrome-driver\4.10.0\selenium-chrome-driver-4.10.0.jar;C:\Users\ITamas\.m2\repository\com\google\auto\service\auto-service-annotations\1.0.1\auto-service-annotations-1.0.1.jar;C:\Users\ITamas\.m2\repository\com\google\auto\service\auto-service\1.0.1\auto-service-1.0.1.jar;C:\Users\ITamas\.m2\repository\com\google\auto\auto-common\1.2\auto-common-1.2.jar;C:\Users\ITamas\.m2\repository\com\google\guava\guava\31.1-jre\guava-31.1-jre.jar;C:\Users\ITamas\.m2\repository\com\google\guava\failureaccess\1.0.1\failureaccess-1.0.1.jar;C:\Users\ITamas\.m2\repository\com\google\guava\listenablefuture\9999.0-empty-to-avoid-conflict-with-guava\listenablefuture-9999.0-empty-to-avoid-conflict-with-guava.jar;C:\Users\ITamas\.m2\repository\com\google\code\findbugs\jsr305\3.0.2\jsr305-3.0.2.jar;C:\Users\ITamas\.m2\repository\org\checkerframework\checker-qual\3.12.0\checker-qual-3.12.0.jar;C:\Users\ITamas\.m2\repository\com\google\errorprone\error_prone_annotations\2.11.0\error_prone_annotations-2.11.0.jar;C:\Users\ITamas\.m2\repository\com\google\j2objc\j2objc-annotations\1.3\j2objc-annotations-1.3.jar;C:\Users\ITamas\.m2\repository\org\seleniumhq\selenium\selenium-chromium-driver\4.10.0\selenium-chromium-driver-4.10.0.jar;C:\Users\ITamas\.m2\repository\org\seleniumhq\selenium\selenium-json\4.10.0\selenium-json-4.10.0.jar;C:\Users\ITamas\.m2\repository\org\seleniumhq\selenium\selenium-manager\4.10.0\selenium-manager-4.10.0.jar;C:\Users\ITamas\.m2\repository\org\seleniumhq\selenium\selenium-devtools-v112\4.10.0\selenium-devtools-v112-4.10.0.jar;C:\Users\ITamas\.m2\repository\org\seleniumhq\selenium\selenium-devtools-v113\4.10.0\selenium-devtools-v113-4.10.0.jar;C:\Users\ITamas\.m2\repository\org\seleniumhq\selenium\selenium-devtools-v114\4.10.0\selenium-devtools-v114-4.10.0.jar;C:\Users\ITamas\.m2\repository\org\seleniumhq\selenium\selenium-devtools-v85\4.10.0\selenium-devtools-v85-4.10.0.jar;C:\Users\ITamas\.m2\repository\org\seleniumhq\selenium\selenium-edge-driver\4.10.0\selenium-edge-driver-4.10.0.jar;C:\Users\ITamas\.m2\repository\org\seleniumhq\selenium\selenium-firefox-driver\4.10.0\selenium-firefox-driver-4.10.0.jar;C:\Users\ITamas\.m2\repository\org\seleniumhq\selenium\selenium-http\4.10.0\selenium-http-4.10.0.jar;C:\Users\ITamas\.m2\repository\dev\failsafe\failsafe\3.3.1\failsafe-3.3.1.jar;C:\Users\ITamas\.m2\repository\org\seleniumhq\selenium\selenium-ie-driver\4.10.0\selenium-ie-driver-4.10.0.jar;C:\Users\ITamas\.m2\repository\org\seleniumhq\selenium\selenium-remote-driver\4.10.0\selenium-remote-driver-4.10.0.jar;C:\Users\ITamas\.m2\repository\io\netty\netty-buffer\4.1.92.Final\netty-buffer-4.1.92.Final.jar;C:\Users\ITamas\.m2\repository\io\netty\netty-codec-http\4.1.92.Final\netty-codec-http-4.1.92.Final.jar;C:\Users\ITamas\.m2\repository\io\netty\netty-codec\4.1.92.Final\netty-codec-4.1.92.Final.jar;C:\Users\ITamas\.m2\repository\io\netty\netty-handler\4.1.92.Final\netty-handler-4.1.92.Final.jar;C:\Users\ITamas\.m2\repository\io\netty\netty-common\4.1.92.Final\netty-common-4.1.92.Final.jar;C:\Users\ITamas\.m2\repository\io\netty\netty-transport-classes-epoll\4.1.92.Final\netty-transport-classes-epoll-4.1.92.Final.jar;C:\Users\ITamas\.m2\repository\io\netty\netty-transport-classes-kqueue\4.1.92.Final\netty-transport-classes-kqueue-4.1.92.Final.jar;C:\Users\ITamas\.m2\repository\io\netty\netty-transport-native-epoll\4.1.92.Final\netty-transport-native-epoll-4.1.92.Final.jar;C:\Users\ITamas\.m2\repository\io\netty\netty-transport-native-kqueue\4.1.92.Final\netty-transport-native-kqueue-4.1.92.Final.jar;C:\Users\ITamas\.m2\repository\io\netty\netty-transport-native-unix-common\4.1.92.Final\netty-transport-native-unix-common-4.1.92.Final.jar;C:\Users\ITamas\.m2\repository\io\netty\netty-transport\4.1.92.Final\netty-transport-4.1.92.Final.jar;C:\Users\ITamas\.m2\repository\io\netty\netty-resolver\4.1.92.Final\netty-resolver-4.1.92.Final.jar;C:\Users\ITamas\.m2\repository\io\opentelemetry\opentelemetry-api\1.26.0\opentelemetry-api-1.26.0.jar;C:\Users\ITamas\.m2\repository\io\opentelemetry\opentelemetry-context\1.26.0\opentelemetry-context-1.26.0.jar;C:\Users\ITamas\.m2\repository\io\opentelemetry\opentelemetry-exporter-logging\1.26.0\opentelemetry-exporter-logging-1.26.0.jar;C:\Users\ITamas\.m2\repository\io\opentelemetry\opentelemetry-sdk-metrics\1.26.0\opentelemetry-sdk-metrics-1.26.0.jar;C:\Users\ITamas\.m2\repository\io\opentelemetry\opentelemetry-extension-incubator\1.26.0-alpha\opentelemetry-extension-incubator-1.26.0-alpha.jar;C:\Users\ITamas\.m2\repository\io\opentelemetry\opentelemetry-sdk-logs\1.26.0-alpha\opentelemetry-sdk-logs-1.26.0-alpha.jar;C:\Users\ITamas\.m2\repository\io\opentelemetry\opentelemetry-api-logs\1.26.0-alpha\opentelemetry-api-logs-1.26.0-alpha.jar;C:\Users\ITamas\.m2\repository\io\opentelemetry\opentelemetry-api-events\1.26.0-alpha\opentelemetry-api-events-1.26.0-alpha.jar;C:\Users\ITamas\.m2\repository\io\opentelemetry\opentelemetry-sdk-common\1.26.0\opentelemetry-sdk-common-1.26.0.jar;C:\Users\ITamas\.m2\repository\io\opentelemetry\opentelemetry-sdk-extension-autoconfigure-spi\1.26.0\opentelemetry-sdk-extension-autoconfigure-spi-1.26.0.jar;C:\Users\ITamas\.m2\repository\io\opentelemetry\opentelemetry-sdk-extension-autoconfigure\1.26.0-alpha\opentelemetry-sdk-extension-autoconfigure-1.26.0-alpha.jar;C:\Users\ITamas\.m2\repository\io\opentelemetry\opentelemetry-sdk-trace\1.26.0\opentelemetry-sdk-trace-1.26.0.jar;C:\Users\ITamas\.m2\repository\io\opentelemetry\opentelemetry-sdk\1.26.0\opentelemetry-sdk-1.26.0.jar;C:\Users\ITamas\.m2\repository\io\opentelemetry\opentelemetry-semconv\1.26.0-alpha\opentelemetry-semconv-1.26.0-alpha.jar;C:\Users\ITamas\.m2\repository\net\bytebuddy\byte-buddy\1.14.4\byte-buddy-1.14.4.jar;C:\Users\ITamas\.m2\repository\org\apache\commons\commons-exec\1.3\commons-exec-1.3.jar;C:\Users\ITamas\.m2\repository\org\asynchttpclient\async-http-client\2.12.3\async-http-client-2.12.3.jar;C:\Users\ITamas\.m2\repository\org\asynchttpclient\async-http-client-netty-utils\2.12.3\async-http-client-netty-utils-2.12.3.jar;C:\Users\ITamas\.m2\repository\io\netty\netty-codec-socks\4.1.60.Final\netty-codec-socks-4.1.60.Final.jar;C:\Users\ITamas\.m2\repository\io\netty\netty-handler-proxy\4.1.60.Final\netty-handler-proxy-4.1.60.Final.jar;C:\Users\ITamas\.m2\repository\io\netty\netty-transport-native-epoll\4.1.60.Final\netty-transport-native-epoll-4.1.60.Final-linux-x86_64.jar;C:\Users\ITamas\.m2\repository\io\netty\netty-transport-native-kqueue\4.1.60.Final\netty-transport-native-kqueue-4.1.60.Final-osx-x86_64.jar;C:\Users\ITamas\.m2\repository\org\reactivestreams\reactive-streams\1.0.3\reactive-streams-1.0.3.jar;C:\Users\ITamas\.m2\repository\com\typesafe\netty\netty-reactive-streams\2.0.4\netty-reactive-streams-2.0.4.jar;C:\Users\ITamas\.m2\repository\com\sun\activation\jakarta.activation\1.2.2\jakarta.activation-1.2.2.jar;C:\Users\ITamas\.m2\repository\org\seleniumhq\selenium\selenium-safari-driver\4.10.0\selenium-safari-driver-4.10.0.jar;C:\Users\ITamas\.m2\repository\org\seleniumhq\selenium\selenium-support\4.10.0\selenium-support-4.10.0.jar;C:\Users\ITamas\.m2\repository\io\cucumber\cucumber-java\7.13.0\cucumber-java-7.13.0.jar;C:\Users\ITamas\.m2\repository\io\cucumber\cucumber-core\7.13.0\cucumber-core-7.13.0.jar;C:\Users\ITamas\.m2\repository\io\cucumber\cucumber-gherkin\7.13.0\cucumber-gherkin-7.13.0.jar;C:\Users\ITamas\.m2\repository\io\cucumber\cucumber-gherkin-messages\7.13.0\cucumber-gherkin-messages-7.13.0.jar;C:\Users\ITamas\.m2\repository\io\cucumber\gherkin\26.2.0\gherkin-26.2.0.jar;C:\Users\ITamas\.m2\repository\io\cucumber\messages\22.0.0\messages-22.0.0.jar;C:\Users\ITamas\.m2\repository\io\cucumber\tag-expressions\5.0.1\tag-expressions-5.0.1.jar;C:\Users\ITamas\.m2\repository\io\cucumber\cucumber-expressions\16.1.2\cucumber-expressions-16.1.2.jar;C:\Users\ITamas\.m2\repository\io\cucumber\datatable\7.13.0\datatable-7.13.0.jar;C:\Users\ITamas\.m2\repository\io\cucumber\cucumber-plugin\7.13.0\cucumber-plugin-7.13.0.jar;C:\Users\ITamas\.m2\repository\io\cucumber\docstring\7.13.0\docstring-7.13.0.jar;C:\Users\ITamas\.m2\repository\io\cucumber\html-formatter\20.3.1\html-formatter-20.3.1.jar;C:\Users\ITamas\.m2\repository\io\cucumber\junit-xml-formatter\0.2.0\junit-xml-formatter-0.2.0.jar;C:\Users\ITamas\.m2\repository\io\cucumber\ci-environment\9.2.0\ci-environment-9.2.0.jar;C:\Users\ITamas\.m2\repository\org\apiguardian\apiguardian-api\1.1.2\apiguardian-api-1.1.2.jar;C:\Users\ITamas\.m2\repository\io\cucumber\cucumber-junit\7.13.0\cucumber-junit-7.13.0.jar;C:\Users\ITamas\.m2\repository\junit\junit\4.13.2\junit-4.13.2.jar;C:\Users\ITamas\.m2\repository\org\hamcrest\hamcrest-core\1.3\hamcrest-core-1.3.jar;C:\Users\ITamas\.m2\repository\org\apache\poi\poi\5.2.3\poi-5.2.3.jar;C:\Users\ITamas\.m2\repository\commons-codec\commons-codec\1.15\commons-codec-1.15.jar;C:\Users\ITamas\.m2\repository\org\apache\commons\commons-collections4\4.4\commons-collections4-4.4.jar;C:\Users\ITamas\.m2\repository\org\apache\commons\commons-math3\3.6.1\commons-math3-3.6.1.jar;C:\Users\ITamas\.m2\repository\com\zaxxer\SparseBitSet\1.2\SparseBitSet-1.2.jar;C:\Users\ITamas\.m2\repository\org\apache\logging\log4j\log4j-api\2.18.0\log4j-api-2.18.0.jar;C:\Users\ITamas\.m2\repository\org\apache\poi\poi-ooxml\5.2.3\poi-ooxml-5.2.3.jar;C:\Users\ITamas\.m2\repository\org\apache\poi\poi-ooxml-lite\5.2.3\poi-ooxml-lite-5.2.3.jar;C:\Users\ITamas\.m2\repository\org\apache\xmlbeans\xmlbeans\5.1.1\xmlbeans-5.1.1.jar;C:\Users\ITamas\.m2\repository\org\apache\commons\commons-compress\1.21\commons-compress-1.21.jar;C:\Users\ITamas\.m2\repository\com\github\virtuald\curvesapi\1.07\curvesapi-1.07.jar;C:\Users\ITamas\.m2\repository\commons-io\commons-io\2.13.0\commons-io-2.13.0.jar;C:\Users\ITamas\.m2\repository\org\apache\commons\commons-lang3\3.13.0\commons-lang3-3.13.0.jar;C:\Users\ITamas\.m2\repository\org\slf4j\slf4j-api\2.0.7\slf4j-api-2.0.7.jar;C:\Users\ITamas\.m2\repository\ch\qos\logback\logback-classic\1.4.9\logback-classic-1.4.9.jar;C:\Users\ITamas\.m2\repository\ch\qos\logback\logback-core\1.4.9\logback-core-1.4.9.jar;"/>
    <property name="sun.cpu.endian" value="little"/>
    <property name="user.home" value="C:\Users\ITamas"/>
    <property name="user.language" value="en"/>
    <property name="java.specification.vendor" value="Oracle Corporation"/>
    <property name="java.version.date" value="2023-04-18"/>
    <property name="java.home" value="C:\Users\ITamas\.jdks\corretto-17.0.7"/>
    <property name="file.separator" value="\"/>
    <property name="basedir" value="C:\Users\ITamas\IdeaProjects\opencart_cucumber_framework"/>
    <property name="java.vm.compressedOopsMode" value="Zero based"/>
    <property name="line.separator" value="&#10;"/>
    <property name="java.vm.specification.vendor" value="Oracle Corporation"/>
    <property name="java.specification.name" value="Java Platform API Specification"/>
    <property name="surefire.real.class.path" value="C:\Users\ITamas\AppData\Local\Temp\surefire18081687007311003016\surefirebooter-20230808142920331_3.jar"/>
    <property name="user.script" value=""/>
    <property name="sun.management.compiler" value="HotSpot 64-Bit Tiered Compilers"/>
    <property name="java.runtime.version" value="17.0.7+7-LTS"/>
    <property name="user.name" value="ITamas"/>
    <property name="path.separator" value=";"/>
    <property name="os.version" value="10.0"/>
    <property name="java.runtime.name" value="OpenJDK Runtime Environment"/>
    <property name="file.encoding" value="Cp1252"/>
    <property name="java.vm.name" value="OpenJDK 64-Bit Server VM"/>
    <property name="java.vendor.version" value="Corretto-17.0.7.7.1"/>
    <property name="localRepository" value="C:\Users\ITamas\.m2\repository"/>
    <property name="java.vendor.url.bug" value="https://github.com/corretto/corretto-17/issues/"/>
    <property name="java.io.tmpdir" value="C:\Users\ITamas\AppData\Local\Temp\"/>
    <property name="idea.version" value="2023.1.2"/>
    <property name="java.version" value="17.0.7"/>
    <property name="user.dir" value="C:\Users\ITamas\IdeaProjects\opencart_cucumber_framework"/>
    <property name="os.arch" value="amd64"/>
    <property name="java.vm.specification.name" value="Java Virtual Machine Specification"/>
    <property name="sun.os.patch.level" value=""/>
    <property name="native.encoding" value="Cp1252"/>
    <property name="java.library.path" value="C:\Users\ITamas\.jdks\corretto-17.0.7\bin;C:\Windows\Sun\Java\bin;C:\Windows\system32;C:\Windows;C:\Program Files\Common Files\Oracle\Java\javapath;C:\Windows\system32;C:\Windows;C:\Windows\System32\Wbem;C:\Windows\System32\WindowsPowerShell\v1.0\;C:\Windows\System32\OpenSSH\;C:\Program Files\WindowsPowerShell\Scripts;C:\Program Files\Git\cmd;C:\Program Files\Java\jdk-17\bin;C:\Program Files\apache-maven-3.9.3\bin;C:\Users\ITamas\AppData\Local\Microsoft\WindowsApps;;C:\Program Files\JetBrains\IntelliJ IDEA 2023.1.2\bin;;C:\Program Files\JetBrains\IntelliJ IDEA Community Edition 2023.1.2\bin;;."/>
    <property name="java.vm.info" value="mixed mode, sharing"/>
    <property name="java.vendor" value="Amazon.com Inc."/>
    <property name="java.vm.version" value="17.0.7+7-LTS"/>
    <property name="sun.io.unicode.encoding" value="UnicodeLittle"/>
    <property name="java.class.version" value="61.0"/>
  </properties>
  <testcase name="Login Data Driven Excel #1" classname="Login Data Driven with Excel" time="4.923">
    <failure type="java.lang.AssertionError"><![CDATA[java.lang.AssertionError
	at org.junit.Assert.fail(Assert.java:87)
	at org.junit.Assert.assertTrue(Assert.java:42)
	at org.junit.Assert.assertTrue(Assert.java:53)
	at stepDefinitions.Steps.check_user_navigates_to_my_account_page_by_passing_email_and_password_with_excel_row(Steps.java:171)
	at ✽.Check User navigates to MyAccount Page by passing Email and Password with excel row "1"(file:///C:/Users/ITamas/IdeaProjects/opencart_cucumber_framework/./Features/LoginDDTExcel.feature:8)
]]></failure>
    <system-out><![CDATA[
Scenario Outline: Login Data Driven Excel                                                      # Features/LoginDDTExcel.feature:12
14:29:22.674 [pool-3-thread-1] DEBUG io.netty.util.internal.logging.InternalLoggerFactory -- Using SLF4J as the default logging framework
14:29:22.677 [pool-3-thread-1] DEBUG io.netty.util.ResourceLeakDetector -- -Dio.netty.leakDetection.level: simple
14:29:22.677 [pool-3-thread-1] DEBUG io.netty.util.ResourceLeakDetector -- -Dio.netty.leakDetection.targetRecords: 4
14:29:22.680 [pool-3-thread-1] DEBUG io.netty.util.ResourceLeakDetectorFactory -- Loaded default ResourceLeakDetector: io.netty.util.ResourceLeakDetector@6c3d99ee
14:29:22.688 [pool-3-thread-1] DEBUG io.netty.util.internal.PlatformDependent0 -- -Dio.netty.noUnsafe: false
14:29:22.688 [pool-3-thread-1] DEBUG io.netty.util.internal.PlatformDependent0 -- Java version: 17
14:29:22.689 [pool-3-thread-1] DEBUG io.netty.util.internal.PlatformDependent0 -- sun.misc.Unsafe.theUnsafe: available
14:29:22.690 [pool-3-thread-1] DEBUG io.netty.util.internal.PlatformDependent0 -- sun.misc.Unsafe.copyMemory: available
14:29:22.690 [pool-3-thread-1] DEBUG io.netty.util.internal.PlatformDependent0 -- sun.misc.Unsafe.storeFence: available
14:29:22.690 [pool-3-thread-1] DEBUG io.netty.util.internal.PlatformDependent0 -- java.nio.Buffer.address: available
14:29:22.690 [pool-3-thread-1] DEBUG io.netty.util.internal.PlatformDependent0 -- direct buffer constructor: unavailable: Reflective setAccessible(true) disabled
14:29:22.691 [pool-3-thread-1] DEBUG io.netty.util.internal.PlatformDependent0 -- java.nio.Bits.unaligned: available, true
14:29:22.691 [pool-3-thread-1] DEBUG io.netty.util.internal.PlatformDependent0 -- jdk.internal.misc.Unsafe.allocateUninitializedArray(int): unavailable: class io.netty.util.internal.PlatformDependent0$7 cannot access class jdk.internal.misc.Unsafe (in module java.base) because module java.base does not export jdk.internal.misc to unnamed module @e25b2fe
14:29:22.692 [pool-3-thread-1] DEBUG io.netty.util.internal.PlatformDependent0 -- java.nio.DirectByteBuffer.<init>(long, int): unavailable
14:29:22.692 [pool-3-thread-1] DEBUG io.netty.util.internal.PlatformDependent -- sun.misc.Unsafe: available
14:29:22.693 [pool-3-thread-1] DEBUG io.netty.util.internal.PlatformDependent -- maxDirectMemory: 4213178368 bytes (maybe)
14:29:22.694 [pool-3-thread-1] DEBUG io.netty.util.internal.PlatformDependent -- -Dio.netty.tmpdir: C:\Users\ITamas\AppData\Local\Temp (java.io.tmpdir)
14:29:22.694 [pool-3-thread-1] DEBUG io.netty.util.internal.PlatformDependent -- -Dio.netty.bitMode: 64 (sun.arch.data.model)
14:29:22.694 [pool-3-thread-1] DEBUG io.netty.util.internal.PlatformDependent -- Platform: Windows
14:29:22.695 [pool-3-thread-1] DEBUG io.netty.util.internal.PlatformDependent -- -Dio.netty.maxDirectMemory: -1 bytes
14:29:22.695 [pool-3-thread-1] DEBUG io.netty.util.internal.PlatformDependent -- -Dio.netty.uninitializedArrayAllocationThreshold: -1
14:29:22.695 [pool-3-thread-1] DEBUG io.netty.util.internal.CleanerJava9 -- java.nio.ByteBuffer.cleaner(): available
14:29:22.695 [pool-3-thread-1] DEBUG io.netty.util.internal.PlatformDependent -- -Dio.netty.noPreferDirect: false
14:29:22.700 [pool-3-thread-1] DEBUG io.netty.util.internal.PlatformDependent -- org.jctools-core.MpscChunkedArrayQueue: available
14:29:22.712 [pool-3-thread-1] DEBUG io.netty.util.internal.InternalThreadLocalMap -- -Dio.netty.threadLocalMap.stringBuilder.initialSize: 1024
14:29:22.713 [pool-3-thread-1] DEBUG io.netty.util.internal.InternalThreadLocalMap -- -Dio.netty.threadLocalMap.stringBuilder.maxSize: 4096
14:29:22.803 [pool-3-thread-1] DEBUG io.netty.handler.ssl.JdkSslContext -- Default protocols (JDK): [TLSv1.3, TLSv1.2] 
14:29:22.803 [pool-3-thread-1] DEBUG io.netty.handler.ssl.JdkSslContext -- Default cipher suites (JDK): [TLS_ECDHE_ECDSA_WITH_AES_256_GCM_SHA384, TLS_ECDHE_ECDSA_WITH_AES_128_GCM_SHA256, TLS_ECDHE_RSA_WITH_AES_128_GCM_SHA256, TLS_ECDHE_RSA_WITH_AES_256_GCM_SHA384, TLS_ECDHE_RSA_WITH_AES_128_CBC_SHA, TLS_ECDHE_RSA_WITH_AES_256_CBC_SHA, TLS_RSA_WITH_AES_128_GCM_SHA256, TLS_RSA_WITH_AES_128_CBC_SHA, TLS_RSA_WITH_AES_256_CBC_SHA, TLS_AES_128_GCM_SHA256, TLS_AES_256_GCM_SHA384]
14:29:22.810 [pool-3-thread-1] DEBUG io.netty.util.concurrent.GlobalEventExecutor -- -Dio.netty.globalEventExecutor.quietPeriodSeconds: 1
14:29:22.819 [pool-3-thread-1] DEBUG io.netty.channel.MultithreadEventLoopGroup -- -Dio.netty.eventLoopThreads: 32
14:29:22.826 [pool-3-thread-1] DEBUG io.netty.channel.nio.NioEventLoop -- -Dio.netty.noKeySetOptimization: false
14:29:22.826 [pool-3-thread-1] DEBUG io.netty.channel.nio.NioEventLoop -- -Dio.netty.selectorAutoRebuildThreshold: 512
14:29:22.892 [pool-3-thread-1] DEBUG io.netty.buffer.PooledByteBufAllocator -- -Dio.netty.allocator.numHeapArenas: 32
14:29:22.892 [pool-3-thread-1] DEBUG io.netty.buffer.PooledByteBufAllocator -- -Dio.netty.allocator.numDirectArenas: 32
14:29:22.892 [pool-3-thread-1] DEBUG io.netty.buffer.PooledByteBufAllocator -- -Dio.netty.allocator.pageSize: 8192
14:29:22.892 [pool-3-thread-1] DEBUG io.netty.buffer.PooledByteBufAllocator -- -Dio.netty.allocator.maxOrder: 9
14:29:22.892 [pool-3-thread-1] DEBUG io.netty.buffer.PooledByteBufAllocator -- -Dio.netty.allocator.chunkSize: 4194304
14:29:22.892 [pool-3-thread-1] DEBUG io.netty.buffer.PooledByteBufAllocator -- -Dio.netty.allocator.smallCacheSize: 256
14:29:22.892 [pool-3-thread-1] DEBUG io.netty.buffer.PooledByteBufAllocator -- -Dio.netty.allocator.normalCacheSize: 64
14:29:22.892 [pool-3-thread-1] DEBUG io.netty.buffer.PooledByteBufAllocator -- -Dio.netty.allocator.maxCachedBufferCapacity: 32768
14:29:22.892 [pool-3-thread-1] DEBUG io.netty.buffer.PooledByteBufAllocator -- -Dio.netty.allocator.cacheTrimInterval: 8192
14:29:22.892 [pool-3-thread-1] DEBUG io.netty.buffer.PooledByteBufAllocator -- -Dio.netty.allocator.cacheTrimIntervalMillis: 0
14:29:22.892 [pool-3-thread-1] DEBUG io.netty.buffer.PooledByteBufAllocator -- -Dio.netty.allocator.useCacheForAllThreads: false
14:29:22.892 [pool-3-thread-1] DEBUG io.netty.buffer.PooledByteBufAllocator -- -Dio.netty.allocator.maxCachedByteBuffersPerChunk: 1023
14:29:22.901 [pool-3-thread-1] DEBUG io.netty.buffer.ByteBufUtil -- -Dio.netty.allocator.type: pooled
14:29:22.901 [pool-3-thread-1] DEBUG io.netty.buffer.ByteBufUtil -- -Dio.netty.threadLocalDirectBufferSize: 0
14:29:22.901 [pool-3-thread-1] DEBUG io.netty.buffer.ByteBufUtil -- -Dio.netty.maxThreadLocalCharBufferSize: 16384
14:29:23.179 [Forwarding newSession on session null to remote] DEBUG io.netty.channel.DefaultChannelId -- -Dio.netty.processId: 33608 (auto-detected)
14:29:23.181 [Forwarding newSession on session null to remote] DEBUG io.netty.util.NetUtil -- -Djava.net.preferIPv4Stack: false
14:29:23.181 [Forwarding newSession on session null to remote] DEBUG io.netty.util.NetUtil -- -Djava.net.preferIPv6Addresses: false
14:29:23.189 [Forwarding newSession on session null to remote] DEBUG io.netty.util.NetUtilInitializations -- Loopback interface: lo (Software Loopback Interface 1, 127.0.0.1)
14:29:23.189 [Forwarding newSession on session null to remote] DEBUG io.netty.util.NetUtil -- Failed to get SOMAXCONN from sysctl and file \proc\sys\net\core\somaxconn. Default: 200
14:29:23.209 [Forwarding newSession on session null to remote] DEBUG io.netty.channel.DefaultChannelId -- -Dio.netty.machineId: 04:bf:1b:ff:fe:ff:86:70 (auto-detected)
14:29:23.234 [AsyncHttpClient-1-2] DEBUG io.netty.buffer.AbstractByteBuf -- -Dio.netty.buffer.checkAccessible: true
14:29:23.234 [AsyncHttpClient-1-2] DEBUG io.netty.buffer.AbstractByteBuf -- -Dio.netty.buffer.checkBounds: true
14:29:23.235 [AsyncHttpClient-1-2] DEBUG io.netty.util.ResourceLeakDetectorFactory -- Loaded default ResourceLeakDetector: io.netty.util.ResourceLeakDetector@1b7256e3
14:29:23.243 [AsyncHttpClient-1-2] DEBUG org.asynchttpclient.netty.channel.NettyConnectListener -- Using new Channel '[id: 0xb3c52a02, L:/127.0.0.1:52599 - R:localhost/127.0.0.1:39975]' for 'POST' to '/session'
14:29:23.251 [AsyncHttpClient-1-2] DEBUG io.netty.util.Recycler -- -Dio.netty.recycler.maxCapacityPerThread: 4096
14:29:23.251 [AsyncHttpClient-1-2] DEBUG io.netty.util.Recycler -- -Dio.netty.recycler.ratio: 8
14:29:23.251 [AsyncHttpClient-1-2] DEBUG io.netty.util.Recycler -- -Dio.netty.recycler.chunkSize: 32
14:29:23.251 [AsyncHttpClient-1-2] DEBUG io.netty.util.Recycler -- -Dio.netty.recycler.blocking: false
14:29:23.251 [AsyncHttpClient-1-2] DEBUG io.netty.util.Recycler -- -Dio.netty.recycler.batchFastThreadLocalOnly: true
14:29:24.158 [AsyncHttpClient-1-2] DEBUG io.netty.handler.codec.compression.Brotli -- brotli4j not in the classpath; Brotli support will be unavailable.
14:29:24.159 [AsyncHttpClient-1-2] DEBUG org.asynchttpclient.netty.handler.HttpHandler -- 

Request DefaultHttpRequest(decodeResult: success, version: HTTP/1.1)
POST /session HTTP/1.1
User-Agent: selenium/4.10.0 (java windows)
Content-Length: 254
Content-Type: application/json; charset=utf-8
host: localhost:39975
accept: */*

Response DefaultHttpResponse(decodeResult: success, version: HTTP/1.1)
HTTP/1.1 200 OK
Content-Length: 862
Content-Type: application/json; charset=utf-8
cache-control: no-cache

14:29:24.166 [AsyncHttpClient-1-2] DEBUG org.asynchttpclient.netty.channel.ChannelManager -- Adding key: http://localhost:39975 for channel [id: 0xb3c52a02, L:/127.0.0.1:52599 - R:localhost/127.0.0.1:39975]
14:29:24.232 [AsyncHttpClient-1-3] DEBUG org.asynchttpclient.netty.channel.NettyConnectListener -- Using new Channel '[id: 0xe40519f3, L:/127.0.0.1:52617 - R:localhost/127.0.0.1:52603]' for 'GET' to '/json/version'
14:29:24.236 [AsyncHttpClient-1-3] DEBUG org.asynchttpclient.netty.handler.HttpHandler -- 

Request DefaultFullHttpRequest(decodeResult: success, version: HTTP/1.1, content: EmptyByteBufBE)
GET /json/version HTTP/1.1
User-Agent: selenium/4.10.0 (java windows)
host: localhost:52603
accept: */*

Response DefaultHttpResponse(decodeResult: success, version: HTTP/1.1)
HTTP/1.1 200 OK
Content-Security-Policy: frame-ancestors 'none'
Content-Length: 424
Content-Type: application/json; charset=UTF-8

14:29:24.237 [AsyncHttpClient-1-3] DEBUG org.asynchttpclient.netty.channel.ChannelManager -- Adding key: http://localhost:52603 for channel [id: 0xe40519f3, L:/127.0.0.1:52617 - R:localhost/127.0.0.1:52603]
14:29:24.244 [pool-3-thread-1] DEBUG io.netty.util.internal.ThreadLocalRandom -- -Dio.netty.initialSeedUniquifier: 0xa2f293c3ac59da8d
14:29:24.247 [AsyncHttpClient-1-4] DEBUG org.asynchttpclient.netty.channel.NettyConnectListener -- Using new Channel '[id: 0x95370e3e, L:/127.0.0.1:52618 - R:localhost/127.0.0.1:52603]' for 'GET' to '/devtools/browser/e17871e9-a150-4cdc-bd2f-5c7aacf82996'
14:29:24.251 [AsyncHttpClient-1-4] DEBUG org.asynchttpclient.netty.handler.WebSocketHandler -- 

Request DefaultFullHttpRequest(decodeResult: success, version: HTTP/1.1, content: EmptyByteBufBE)
GET /devtools/browser/e17871e9-a150-4cdc-bd2f-5c7aacf82996 HTTP/1.1
upgrade: websocket
connection: upgrade
sec-websocket-key: z4qwhCbY4NTTH4nY0c5zrQ==
sec-websocket-version: 13
origin: http://localhost:52603
host: localhost:52603
accept: */*
user-agent: AHC/2.1

Response DefaultHttpResponse(decodeResult: success, version: HTTP/1.1)
HTTP/1.1 101 WebSocket Protocol Handshake
Upgrade: WebSocket
Connection: Upgrade
Sec-WebSocket-Accept: Z6CdyAIyKSroVS/Cz5xseLPlPnw=

14:29:24.277 [Forwarding setTimeout on session 8a8f2d92ce51d3f57a7b261c83c8b4b5 to remote] DEBUG org.asynchttpclient.netty.request.NettyRequestSender -- Using pooled Channel '[id: 0xb3c52a02, L:/127.0.0.1:52599 - R:localhost/127.0.0.1:39975]' for 'POST' to 'http://localhost:39975/session/8a8f2d92ce51d3f57a7b261c83c8b4b5/timeouts'
14:29:24.277 [Forwarding setTimeout on session 8a8f2d92ce51d3f57a7b261c83c8b4b5 to remote] DEBUG org.asynchttpclient.netty.request.NettyRequestSender -- Using open Channel [id: 0xb3c52a02, L:/127.0.0.1:52599 - R:localhost/127.0.0.1:39975] for POST '/session/8a8f2d92ce51d3f57a7b261c83c8b4b5/timeouts'
14:29:24.280 [AsyncHttpClient-1-2] DEBUG org.asynchttpclient.netty.handler.HttpHandler -- 

Request DefaultHttpRequest(decodeResult: success, version: HTTP/1.1)
POST /session/8a8f2d92ce51d3f57a7b261c83c8b4b5/timeouts HTTP/1.1
User-Agent: selenium/4.10.0 (java windows)
Content-Length: 23
Content-Type: application/json; charset=utf-8
host: localhost:39975
accept: */*

Response DefaultHttpResponse(decodeResult: success, version: HTTP/1.1)
HTTP/1.1 200 OK
Content-Length: 14
Content-Type: application/json; charset=utf-8
cache-control: no-cache

14:29:24.280 [AsyncHttpClient-1-2] DEBUG org.asynchttpclient.netty.channel.ChannelManager -- Adding key: http://localhost:39975 for channel [id: 0xb3c52a02, L:/127.0.0.1:52599 - R:localhost/127.0.0.1:39975]
  Given User launches browser                                                                  # stepDefinitions.Steps.user_launches_browser()
14:29:24.284 [Forwarding get on session 8a8f2d92ce51d3f57a7b261c83c8b4b5 to remote] DEBUG org.asynchttpclient.netty.request.NettyRequestSender -- Using pooled Channel '[id: 0xb3c52a02, L:/127.0.0.1:52599 - R:localhost/127.0.0.1:39975]' for 'POST' to 'http://localhost:39975/session/8a8f2d92ce51d3f57a7b261c83c8b4b5/url'
14:29:24.285 [Forwarding get on session 8a8f2d92ce51d3f57a7b261c83c8b4b5 to remote] DEBUG org.asynchttpclient.netty.request.NettyRequestSender -- Using open Channel [id: 0xb3c52a02, L:/127.0.0.1:52599 - R:localhost/127.0.0.1:39975] for POST '/session/8a8f2d92ce51d3f57a7b261c83c8b4b5/url'
14:29:24.713 [AsyncHttpClient-1-2] DEBUG org.asynchttpclient.netty.handler.HttpHandler -- 

Request DefaultHttpRequest(decodeResult: success, version: HTTP/1.1)
POST /session/8a8f2d92ce51d3f57a7b261c83c8b4b5/url HTTP/1.1
User-Agent: selenium/4.10.0 (java windows)
Content-Length: 76
Content-Type: application/json; charset=utf-8
host: localhost:39975
accept: */*

Response DefaultHttpResponse(decodeResult: success, version: HTTP/1.1)
HTTP/1.1 200 OK
Content-Length: 14
Content-Type: application/json; charset=utf-8
cache-control: no-cache

14:29:24.714 [AsyncHttpClient-1-2] DEBUG org.asynchttpclient.netty.channel.ChannelManager -- Adding key: http://localhost:39975 for channel [id: 0xb3c52a02, L:/127.0.0.1:52599 - R:localhost/127.0.0.1:39975]
14:29:24.717 [Forwarding maximizeCurrentWindow on session 8a8f2d92ce51d3f57a7b261c83c8b4b5 to remote] DEBUG org.asynchttpclient.netty.request.NettyRequestSender -- Using pooled Channel '[id: 0xb3c52a02, L:/127.0.0.1:52599 - R:localhost/127.0.0.1:39975]' for 'POST' to 'http://localhost:39975/session/8a8f2d92ce51d3f57a7b261c83c8b4b5/window/maximize'
14:29:24.718 [Forwarding maximizeCurrentWindow on session 8a8f2d92ce51d3f57a7b261c83c8b4b5 to remote] DEBUG org.asynchttpclient.netty.request.NettyRequestSender -- Using open Channel [id: 0xb3c52a02, L:/127.0.0.1:52599 - R:localhost/127.0.0.1:39975] for POST '/session/8a8f2d92ce51d3f57a7b261c83c8b4b5/window/maximize'
14:29:24.846 [AsyncHttpClient-1-2] DEBUG org.asynchttpclient.netty.handler.HttpHandler -- 

Request DefaultHttpRequest(decodeResult: success, version: HTTP/1.1)
POST /session/8a8f2d92ce51d3f57a7b261c83c8b4b5/window/maximize HTTP/1.1
User-Agent: selenium/4.10.0 (java windows)
Content-Length: 3
Content-Type: application/json; charset=utf-8
host: localhost:39975
accept: */*

Response DefaultHttpResponse(decodeResult: success, version: HTTP/1.1)
HTTP/1.1 200 OK
Content-Length: 51
Content-Type: application/json; charset=utf-8
cache-control: no-cache

14:29:24.846 [AsyncHttpClient-1-2] DEBUG org.asynchttpclient.netty.channel.ChannelManager -- Adding key: http://localhost:39975 for channel [id: 0xb3c52a02, L:/127.0.0.1:52599 - R:localhost/127.0.0.1:39975]
  And Opens URL "http://localhost:81/opencart/upload/"                                         # stepDefinitions.Steps.opens_url(java.lang.String)
14:29:24.874 [Forwarding findElement on session 8a8f2d92ce51d3f57a7b261c83c8b4b5 to remote] DEBUG org.asynchttpclient.netty.request.NettyRequestSender -- Using pooled Channel '[id: 0xb3c52a02, L:/127.0.0.1:52599 - R:localhost/127.0.0.1:39975]' for 'POST' to 'http://localhost:39975/session/8a8f2d92ce51d3f57a7b261c83c8b4b5/element'
14:29:24.875 [Forwarding findElement on session 8a8f2d92ce51d3f57a7b261c83c8b4b5 to remote] DEBUG org.asynchttpclient.netty.request.NettyRequestSender -- Using open Channel [id: 0xb3c52a02, L:/127.0.0.1:52599 - R:localhost/127.0.0.1:39975] for POST '/session/8a8f2d92ce51d3f57a7b261c83c8b4b5/element'
14:29:24.891 [AsyncHttpClient-1-2] DEBUG org.asynchttpclient.netty.handler.HttpHandler -- 

Request DefaultHttpRequest(decodeResult: success, version: HTTP/1.1)
POST /session/8a8f2d92ce51d3f57a7b261c83c8b4b5/element HTTP/1.1
User-Agent: selenium/4.10.0 (java windows)
Content-Length: 74
Content-Type: application/json; charset=utf-8
host: localhost:39975
accept: */*

Response DefaultHttpResponse(decodeResult: success, version: HTTP/1.1)
HTTP/1.1 200 OK
Content-Length: 95
Content-Type: application/json; charset=utf-8
cache-control: no-cache

14:29:24.891 [AsyncHttpClient-1-2] DEBUG org.asynchttpclient.netty.channel.ChannelManager -- Adding key: http://localhost:39975 for channel [id: 0xb3c52a02, L:/127.0.0.1:52599 - R:localhost/127.0.0.1:39975]
14:29:24.894 [Forwarding clickElement on session 8a8f2d92ce51d3f57a7b261c83c8b4b5 to remote] DEBUG org.asynchttpclient.netty.request.NettyRequestSender -- Using pooled Channel '[id: 0xb3c52a02, L:/127.0.0.1:52599 - R:localhost/127.0.0.1:39975]' for 'POST' to 'http://localhost:39975/session/8a8f2d92ce51d3f57a7b261c83c8b4b5/element/7509E4097B778A2F79EE6638ED4E8206_element_51/click'
14:29:24.894 [Forwarding clickElement on session 8a8f2d92ce51d3f57a7b261c83c8b4b5 to remote] DEBUG org.asynchttpclient.netty.request.NettyRequestSender -- Using open Channel [id: 0xb3c52a02, L:/127.0.0.1:52599 - R:localhost/127.0.0.1:39975] for POST '/session/8a8f2d92ce51d3f57a7b261c83c8b4b5/element/7509E4097B778A2F79EE6638ED4E8206_element_51/click'
14:29:24.948 [AsyncHttpClient-1-2] DEBUG org.asynchttpclient.netty.handler.HttpHandler -- 

Request DefaultHttpRequest(decodeResult: success, version: HTTP/1.1)
POST /session/8a8f2d92ce51d3f57a7b261c83c8b4b5/element/7509E4097B778A2F79EE6638ED4E8206_element_51/click HTTP/1.1
User-Agent: selenium/4.10.0 (java windows)
Content-Length: 57
Content-Type: application/json; charset=utf-8
host: localhost:39975
accept: */*

Response DefaultHttpResponse(decodeResult: success, version: HTTP/1.1)
HTTP/1.1 200 OK
Content-Length: 14
Content-Type: application/json; charset=utf-8
cache-control: no-cache

14:29:24.948 [AsyncHttpClient-1-2] DEBUG org.asynchttpclient.netty.channel.ChannelManager -- Adding key: http://localhost:39975 for channel [id: 0xb3c52a02, L:/127.0.0.1:52599 - R:localhost/127.0.0.1:39975]
  When User navigates to MyAccount menu                                                        # stepDefinitions.Steps.user_navigates_to_my_account()
14:29:24.952 [Forwarding findElement on session 8a8f2d92ce51d3f57a7b261c83c8b4b5 to remote] DEBUG org.asynchttpclient.netty.request.NettyRequestSender -- Using pooled Channel '[id: 0xb3c52a02, L:/127.0.0.1:52599 - R:localhost/127.0.0.1:39975]' for 'POST' to 'http://localhost:39975/session/8a8f2d92ce51d3f57a7b261c83c8b4b5/element'
14:29:24.952 [Forwarding findElement on session 8a8f2d92ce51d3f57a7b261c83c8b4b5 to remote] DEBUG org.asynchttpclient.netty.request.NettyRequestSender -- Using open Channel [id: 0xb3c52a02, L:/127.0.0.1:52599 - R:localhost/127.0.0.1:39975] for POST '/session/8a8f2d92ce51d3f57a7b261c83c8b4b5/element'
14:29:24.972 [AsyncHttpClient-1-2] DEBUG org.asynchttpclient.netty.handler.HttpHandler -- 

Request DefaultHttpRequest(decodeResult: success, version: HTTP/1.1)
POST /session/8a8f2d92ce51d3f57a7b261c83c8b4b5/element HTTP/1.1
User-Agent: selenium/4.10.0 (java windows)
Content-Length: 46
Content-Type: application/json; charset=utf-8
host: localhost:39975
accept: */*

Response DefaultHttpResponse(decodeResult: success, version: HTTP/1.1)
HTTP/1.1 200 OK
Content-Length: 95
Content-Type: application/json; charset=utf-8
cache-control: no-cache

14:29:24.972 [AsyncHttpClient-1-2] DEBUG org.asynchttpclient.netty.channel.ChannelManager -- Adding key: http://localhost:39975 for channel [id: 0xb3c52a02, L:/127.0.0.1:52599 - R:localhost/127.0.0.1:39975]
14:29:24.975 [Forwarding clickElement on session 8a8f2d92ce51d3f57a7b261c83c8b4b5 to remote] DEBUG org.asynchttpclient.netty.request.NettyRequestSender -- Using pooled Channel '[id: 0xb3c52a02, L:/127.0.0.1:52599 - R:localhost/127.0.0.1:39975]' for 'POST' to 'http://localhost:39975/session/8a8f2d92ce51d3f57a7b261c83c8b4b5/element/7509E4097B778A2F79EE6638ED4E8206_element_52/click'
14:29:24.975 [Forwarding clickElement on session 8a8f2d92ce51d3f57a7b261c83c8b4b5 to remote] DEBUG org.asynchttpclient.netty.request.NettyRequestSender -- Using open Channel [id: 0xb3c52a02, L:/127.0.0.1:52599 - R:localhost/127.0.0.1:39975] for POST '/session/8a8f2d92ce51d3f57a7b261c83c8b4b5/element/7509E4097B778A2F79EE6638ED4E8206_element_52/click'
14:29:25.012 [AsyncHttpClient-1-1] DEBUG org.asynchttpclient.netty.channel.DefaultChannelPool -- Entry count for : http://localhost:52603 : 1
14:29:25.295 [AsyncHttpClient-1-2] DEBUG org.asynchttpclient.netty.handler.HttpHandler -- 

Request DefaultHttpRequest(decodeResult: success, version: HTTP/1.1)
POST /session/8a8f2d92ce51d3f57a7b261c83c8b4b5/element/7509E4097B778A2F79EE6638ED4E8206_element_52/click HTTP/1.1
User-Agent: selenium/4.10.0 (java windows)
Content-Length: 57
Content-Type: application/json; charset=utf-8
host: localhost:39975
accept: */*

Response DefaultHttpResponse(decodeResult: success, version: HTTP/1.1)
HTTP/1.1 200 OK
Content-Length: 14
Content-Type: application/json; charset=utf-8
cache-control: no-cache

14:29:25.295 [AsyncHttpClient-1-2] DEBUG org.asynchttpclient.netty.channel.ChannelManager -- Adding key: http://localhost:39975 for channel [id: 0xb3c52a02, L:/127.0.0.1:52599 - R:localhost/127.0.0.1:39975]
  And Clicks on Login                                                                          # stepDefinitions.Steps.click_on_login()
14:29:25.792 [Forwarding findElement on session 8a8f2d92ce51d3f57a7b261c83c8b4b5 to remote] DEBUG org.asynchttpclient.netty.request.NettyRequestSender -- Using pooled Channel '[id: 0xb3c52a02, L:/127.0.0.1:52599 - R:localhost/127.0.0.1:39975]' for 'POST' to 'http://localhost:39975/session/8a8f2d92ce51d3f57a7b261c83c8b4b5/element'
14:29:25.792 [Forwarding findElement on session 8a8f2d92ce51d3f57a7b261c83c8b4b5 to remote] DEBUG org.asynchttpclient.netty.request.NettyRequestSender -- Using open Channel [id: 0xb3c52a02, L:/127.0.0.1:52599 - R:localhost/127.0.0.1:39975] for POST '/session/8a8f2d92ce51d3f57a7b261c83c8b4b5/element'
14:29:25.801 [AsyncHttpClient-1-2] DEBUG org.asynchttpclient.netty.handler.HttpHandler -- 

Request DefaultHttpRequest(decodeResult: success, version: HTTP/1.1)
POST /session/8a8f2d92ce51d3f57a7b261c83c8b4b5/element HTTP/1.1
User-Agent: selenium/4.10.0 (java windows)
Content-Length: 73
Content-Type: application/json; charset=utf-8
host: localhost:39975
accept: */*

Response DefaultHttpResponse(decodeResult: success, version: HTTP/1.1)
HTTP/1.1 200 OK
Content-Length: 95
Content-Type: application/json; charset=utf-8
cache-control: no-cache

14:29:25.801 [AsyncHttpClient-1-2] DEBUG org.asynchttpclient.netty.channel.ChannelManager -- Adding key: http://localhost:39975 for channel [id: 0xb3c52a02, L:/127.0.0.1:52599 - R:localhost/127.0.0.1:39975]
14:29:25.803 [Forwarding sendKeysToElement on session 8a8f2d92ce51d3f57a7b261c83c8b4b5 to remote] DEBUG org.asynchttpclient.netty.request.NettyRequestSender -- Using pooled Channel '[id: 0xb3c52a02, L:/127.0.0.1:52599 - R:localhost/127.0.0.1:39975]' for 'POST' to 'http://localhost:39975/session/8a8f2d92ce51d3f57a7b261c83c8b4b5/element/10B5A6FB682BA30FBFB8A34A0D9EBCF9_element_84/value'
14:29:25.803 [Forwarding sendKeysToElement on session 8a8f2d92ce51d3f57a7b261c83c8b4b5 to remote] DEBUG org.asynchttpclient.netty.request.NettyRequestSender -- Using open Channel [id: 0xb3c52a02, L:/127.0.0.1:52599 - R:localhost/127.0.0.1:39975] for POST '/session/8a8f2d92ce51d3f57a7b261c83c8b4b5/element/10B5A6FB682BA30FBFB8A34A0D9EBCF9_element_84/value'
14:29:25.854 [AsyncHttpClient-1-2] DEBUG org.asynchttpclient.netty.handler.HttpHandler -- 

Request DefaultHttpRequest(decodeResult: success, version: HTTP/1.1)
POST /session/8a8f2d92ce51d3f57a7b261c83c8b4b5/element/10B5A6FB682BA30FBFB8A34A0D9EBCF9_element_84/value HTTP/1.1
User-Agent: selenium/4.10.0 (java windows)
Content-Length: 338
Content-Type: application/json; charset=utf-8
host: localhost:39975
accept: */*

Response DefaultHttpResponse(decodeResult: success, version: HTTP/1.1)
HTTP/1.1 200 OK
Content-Length: 14
Content-Type: application/json; charset=utf-8
cache-control: no-cache

14:29:25.855 [AsyncHttpClient-1-2] DEBUG org.asynchttpclient.netty.channel.ChannelManager -- Adding key: http://localhost:39975 for channel [id: 0xb3c52a02, L:/127.0.0.1:52599 - R:localhost/127.0.0.1:39975]
14:29:25.856 [Forwarding findElement on session 8a8f2d92ce51d3f57a7b261c83c8b4b5 to remote] DEBUG org.asynchttpclient.netty.request.NettyRequestSender -- Using pooled Channel '[id: 0xb3c52a02, L:/127.0.0.1:52599 - R:localhost/127.0.0.1:39975]' for 'POST' to 'http://localhost:39975/session/8a8f2d92ce51d3f57a7b261c83c8b4b5/element'
14:29:25.856 [Forwarding findElement on session 8a8f2d92ce51d3f57a7b261c83c8b4b5 to remote] DEBUG org.asynchttpclient.netty.request.NettyRequestSender -- Using open Channel [id: 0xb3c52a02, L:/127.0.0.1:52599 - R:localhost/127.0.0.1:39975] for POST '/session/8a8f2d92ce51d3f57a7b261c83c8b4b5/element'
14:29:25.863 [AsyncHttpClient-1-2] DEBUG org.asynchttpclient.netty.handler.HttpHandler -- 

Request DefaultHttpRequest(decodeResult: success, version: HTTP/1.1)
POST /session/8a8f2d92ce51d3f57a7b261c83c8b4b5/element HTTP/1.1
User-Agent: selenium/4.10.0 (java windows)
Content-Length: 76
Content-Type: application/json; charset=utf-8
host: localhost:39975
accept: */*

Response DefaultHttpResponse(decodeResult: success, version: HTTP/1.1)
HTTP/1.1 200 OK
Content-Length: 95
Content-Type: application/json; charset=utf-8
cache-control: no-cache

14:29:25.863 [AsyncHttpClient-1-2] DEBUG org.asynchttpclient.netty.channel.ChannelManager -- Adding key: http://localhost:39975 for channel [id: 0xb3c52a02, L:/127.0.0.1:52599 - R:localhost/127.0.0.1:39975]
14:29:25.865 [Forwarding sendKeysToElement on session 8a8f2d92ce51d3f57a7b261c83c8b4b5 to remote] DEBUG org.asynchttpclient.netty.request.NettyRequestSender -- Using pooled Channel '[id: 0xb3c52a02, L:/127.0.0.1:52599 - R:localhost/127.0.0.1:39975]' for 'POST' to 'http://localhost:39975/session/8a8f2d92ce51d3f57a7b261c83c8b4b5/element/10B5A6FB682BA30FBFB8A34A0D9EBCF9_element_79/value'
14:29:25.865 [Forwarding sendKeysToElement on session 8a8f2d92ce51d3f57a7b261c83c8b4b5 to remote] DEBUG org.asynchttpclient.netty.request.NettyRequestSender -- Using open Channel [id: 0xb3c52a02, L:/127.0.0.1:52599 - R:localhost/127.0.0.1:39975] for POST '/session/8a8f2d92ce51d3f57a7b261c83c8b4b5/element/10B5A6FB682BA30FBFB8A34A0D9EBCF9_element_79/value'
14:29:25.936 [AsyncHttpClient-1-2] DEBUG org.asynchttpclient.netty.handler.HttpHandler -- 

Request DefaultHttpRequest(decodeResult: success, version: HTTP/1.1)
POST /session/8a8f2d92ce51d3f57a7b261c83c8b4b5/element/10B5A6FB682BA30FBFB8A34A0D9EBCF9_element_79/value HTTP/1.1
User-Agent: selenium/4.10.0 (java windows)
Content-Length: 168
Content-Type: application/json; charset=utf-8
host: localhost:39975
accept: */*

Response DefaultHttpResponse(decodeResult: success, version: HTTP/1.1)
HTTP/1.1 200 OK
Content-Length: 14
Content-Type: application/json; charset=utf-8
cache-control: no-cache

14:29:25.936 [AsyncHttpClient-1-2] DEBUG org.asynchttpclient.netty.channel.ChannelManager -- Adding key: http://localhost:39975 for channel [id: 0xb3c52a02, L:/127.0.0.1:52599 - R:localhost/127.0.0.1:39975]
14:29:25.936 [Forwarding findElement on session 8a8f2d92ce51d3f57a7b261c83c8b4b5 to remote] DEBUG org.asynchttpclient.netty.request.NettyRequestSender -- Using pooled Channel '[id: 0xb3c52a02, L:/127.0.0.1:52599 - R:localhost/127.0.0.1:39975]' for 'POST' to 'http://localhost:39975/session/8a8f2d92ce51d3f57a7b261c83c8b4b5/element'
14:29:25.936 [Forwarding findElement on session 8a8f2d92ce51d3f57a7b261c83c8b4b5 to remote] DEBUG org.asynchttpclient.netty.request.NettyRequestSender -- Using open Channel [id: 0xb3c52a02, L:/127.0.0.1:52599 - R:localhost/127.0.0.1:39975] for POST '/session/8a8f2d92ce51d3f57a7b261c83c8b4b5/element'
14:29:25.943 [AsyncHttpClient-1-2] DEBUG org.asynchttpclient.netty.handler.HttpHandler -- 

Request DefaultHttpRequest(decodeResult: success, version: HTTP/1.1)
POST /session/8a8f2d92ce51d3f57a7b261c83c8b4b5/element HTTP/1.1
User-Agent: selenium/4.10.0 (java windows)
Content-Length: 82
Content-Type: application/json; charset=utf-8
host: localhost:39975
accept: */*

Response DefaultHttpResponse(decodeResult: success, version: HTTP/1.1)
HTTP/1.1 200 OK
Content-Length: 95
Content-Type: application/json; charset=utf-8
cache-control: no-cache

14:29:25.943 [AsyncHttpClient-1-2] DEBUG org.asynchttpclient.netty.channel.ChannelManager -- Adding key: http://localhost:39975 for channel [id: 0xb3c52a02, L:/127.0.0.1:52599 - R:localhost/127.0.0.1:39975]
14:29:25.945 [Forwarding clickElement on session 8a8f2d92ce51d3f57a7b261c83c8b4b5 to remote] DEBUG org.asynchttpclient.netty.request.NettyRequestSender -- Using pooled Channel '[id: 0xb3c52a02, L:/127.0.0.1:52599 - R:localhost/127.0.0.1:39975]' for 'POST' to 'http://localhost:39975/session/8a8f2d92ce51d3f57a7b261c83c8b4b5/element/10B5A6FB682BA30FBFB8A34A0D9EBCF9_element_86/click'
14:29:25.945 [Forwarding clickElement on session 8a8f2d92ce51d3f57a7b261c83c8b4b5 to remote] DEBUG org.asynchttpclient.netty.request.NettyRequestSender -- Using open Channel [id: 0xb3c52a02, L:/127.0.0.1:52599 - R:localhost/127.0.0.1:39975] for POST '/session/8a8f2d92ce51d3f57a7b261c83c8b4b5/element/10B5A6FB682BA30FBFB8A34A0D9EBCF9_element_86/click'
14:29:25.973 [AsyncHttpClient-1-2] DEBUG org.asynchttpclient.netty.handler.HttpHandler -- 

Request DefaultHttpRequest(decodeResult: success, version: HTTP/1.1)
POST /session/8a8f2d92ce51d3f57a7b261c83c8b4b5/element/10B5A6FB682BA30FBFB8A34A0D9EBCF9_element_86/click HTTP/1.1
User-Agent: selenium/4.10.0 (java windows)
Content-Length: 57
Content-Type: application/json; charset=utf-8
host: localhost:39975
accept: */*

Response DefaultHttpResponse(decodeResult: success, version: HTTP/1.1)
HTTP/1.1 200 OK
Content-Length: 14
Content-Type: application/json; charset=utf-8
cache-control: no-cache

14:29:25.973 [AsyncHttpClient-1-2] DEBUG org.asynchttpclient.netty.channel.ChannelManager -- Adding key: http://localhost:39975 for channel [id: 0xb3c52a02, L:/127.0.0.1:52599 - R:localhost/127.0.0.1:39975]
  Then Check User navigates to MyAccount Page by passing Email and Password with excel row "1" # stepDefinitions.Steps.check_user_navigates_to_my_account_page_by_passing_email_and_password_with_excel_row(java.lang.String)
      java.lang.AssertionError
	at org.junit.Assert.fail(Assert.java:87)
	at org.junit.Assert.assertTrue(Assert.java:42)
	at org.junit.Assert.assertTrue(Assert.java:53)
	at stepDefinitions.Steps.check_user_navigates_to_my_account_page_by_passing_email_and_password_with_excel_row(Steps.java:171)
	at âœ½.Check User navigates to MyAccount Page by passing Email and Password with excel row "1"(file:///C:/Users/ITamas/IdeaProjects/opencart_cucumber_framework/./Features/LoginDDTExcel.feature:8)

Scenario status ======> FAILED
14:29:25.985 [Forwarding screenshot on session 8a8f2d92ce51d3f57a7b261c83c8b4b5 to remote] DEBUG org.asynchttpclient.netty.request.NettyRequestSender -- Using pooled Channel '[id: 0xb3c52a02, L:/127.0.0.1:52599 - R:localhost/127.0.0.1:39975]' for 'GET' to 'http://localhost:39975/session/8a8f2d92ce51d3f57a7b261c83c8b4b5/screenshot'
14:29:25.985 [Forwarding screenshot on session 8a8f2d92ce51d3f57a7b261c83c8b4b5 to remote] DEBUG org.asynchttpclient.netty.request.NettyRequestSender -- Using open Channel [id: 0xb3c52a02, L:/127.0.0.1:52599 - R:localhost/127.0.0.1:39975] for GET '/session/8a8f2d92ce51d3f57a7b261c83c8b4b5/screenshot'
14:29:26.107 [AsyncHttpClient-1-1] DEBUG org.asynchttpclient.netty.channel.DefaultChannelPool -- Entry count for : http://localhost:52603 : 1
14:29:26.363 [AsyncHttpClient-1-2] DEBUG org.asynchttpclient.netty.handler.HttpHandler -- 

Request DefaultFullHttpRequest(decodeResult: success, version: HTTP/1.1, content: EmptyByteBufBE)
GET /session/8a8f2d92ce51d3f57a7b261c83c8b4b5/screenshot HTTP/1.1
User-Agent: selenium/4.10.0 (java windows)
Cache-Control: no-cache
Content-Type: application/json; charset=utf-8
host: localhost:39975
accept: */*

Response DefaultHttpResponse(decodeResult: success, version: HTTP/1.1)
HTTP/1.1 200 OK
Content-Length: 128052
Content-Type: application/json; charset=utf-8
cache-control: no-cache

14:29:26.365 [AsyncHttpClient-1-2] DEBUG org.asynchttpclient.netty.channel.ChannelManager -- Adding key: http://localhost:39975 for channel [id: 0xb3c52a02, L:/127.0.0.1:52599 - R:localhost/127.0.0.1:39975]

    Embedding Login Data Driven Excel [image/png 96028 bytes]

14:29:26.382 [Driver Command Executor] DEBUG org.asynchttpclient.netty.request.NettyRequestSender -- Using pooled Channel '[id: 0xb3c52a02, L:/127.0.0.1:52599 - R:localhost/127.0.0.1:39975]' for 'DELETE' to 'http://localhost:39975/session/8a8f2d92ce51d3f57a7b261c83c8b4b5'
14:29:26.382 [Driver Command Executor] DEBUG org.asynchttpclient.netty.request.NettyRequestSender -- Using open Channel [id: 0xb3c52a02, L:/127.0.0.1:52599 - R:localhost/127.0.0.1:39975] for DELETE '/session/8a8f2d92ce51d3f57a7b261c83c8b4b5'
14:29:26.383 [AsyncHttpClient-1-4] DEBUG org.asynchttpclient.netty.handler.WebSocketHandler -- Channel Closed: [id: 0x95370e3e, L:/127.0.0.1:52618 ! R:localhost/127.0.0.1:52603] with attribute NettyResponseFuture{currentRetry=0,
	isDone=1,
	isCancelled=0,
	asyncHandler=org.asynchttpclient.ws.WebSocketUpgradeHandler@7e9a3b20,
	nettyRequest=org.asynchttpclient.netty.request.NettyRequest@3cbb8bc7,
	future=java.util.concurrent.CompletableFuture@455c91b[Completed normally],
	uri=ws://localhost:52603/devtools/browser/e17871e9-a150-4cdc-bd2f-5c7aacf82996,
	keepAlive=true,
	redirectCount=0,
	timeoutsHolder=null,
	inAuth=0,
	touch=1691494164257}
14:29:26.383 [AsyncHttpClient-1-4] DEBUG org.asynchttpclient.netty.channel.ChannelManager -- Closing Channel [id: 0x95370e3e, L:/127.0.0.1:52618 ! R:localhost/127.0.0.1:52603] 
14:29:26.455 [AsyncHttpClient-1-3] DEBUG org.asynchttpclient.netty.handler.HttpHandler -- Unexpected I/O exception on channel [id: 0xe40519f3, L:/127.0.0.1:52617 - R:localhost/127.0.0.1:52603]
java.net.SocketException: Connection reset
	at java.base/sun.nio.ch.SocketChannelImpl.throwConnectionReset(SocketChannelImpl.java:394)
	at java.base/sun.nio.ch.SocketChannelImpl.read(SocketChannelImpl.java:426)
	at io.netty.buffer.PooledByteBuf.setBytes(PooledByteBuf.java:256)
	at io.netty.buffer.AbstractByteBuf.writeBytes(AbstractByteBuf.java:1132)
	at io.netty.channel.socket.nio.NioSocketChannel.doReadBytes(NioSocketChannel.java:357)
	at io.netty.channel.nio.AbstractNioByteChannel$NioByteUnsafe.read(AbstractNioByteChannel.java:151)
	at io.netty.channel.nio.NioEventLoop.processSelectedKey(NioEventLoop.java:788)
	at io.netty.channel.nio.NioEventLoop.processSelectedKeysOptimized(NioEventLoop.java:724)
	at io.netty.channel.nio.NioEventLoop.processSelectedKeys(NioEventLoop.java:650)
	at io.netty.channel.nio.NioEventLoop.run(NioEventLoop.java:562)
	at io.netty.util.concurrent.SingleThreadEventExecutor$4.run(SingleThreadEventExecutor.java:997)
	at io.netty.util.internal.ThreadExecutorMap$2.run(ThreadExecutorMap.java:74)
	at io.netty.util.concurrent.FastThreadLocalRunnable.run(FastThreadLocalRunnable.java:30)
	at java.base/java.lang.Thread.run(Thread.java:833)
14:29:26.457 [AsyncHttpClient-1-3] DEBUG org.asynchttpclient.netty.channel.ChannelManager -- Closing Channel [id: 0xe40519f3, L:/127.0.0.1:52617 - R:localhost/127.0.0.1:52603] 
14:29:26.458 [AsyncHttpClient-1-3] DEBUG org.asynchttpclient.netty.handler.HttpHandler -- Channel Closed: [id: 0xe40519f3, L:/127.0.0.1:52617 ! R:localhost/127.0.0.1:52603] with attribute DISCARD
14:29:26.471 [AsyncHttpClient-1-2] DEBUG org.asynchttpclient.netty.handler.HttpHandler -- 

Request DefaultFullHttpRequest(decodeResult: success, version: HTTP/1.1, content: EmptyByteBufBE)
DELETE /session/8a8f2d92ce51d3f57a7b261c83c8b4b5 HTTP/1.1
User-Agent: selenium/4.10.0 (java windows)
Content-Type: application/json; charset=utf-8
host: localhost:39975
accept: */*

Response DefaultHttpResponse(decodeResult: success, version: HTTP/1.1)
HTTP/1.1 200 OK
Content-Length: 14
Content-Type: application/json; charset=utf-8
cache-control: no-cache

14:29:26.472 [AsyncHttpClient-1-2] DEBUG org.asynchttpclient.netty.channel.ChannelManager -- Adding key: http://localhost:39975 for channel [id: 0xb3c52a02, L:/127.0.0.1:52599 - R:localhost/127.0.0.1:39975]
14:29:26.540 [AsyncHttpClient-1-2] DEBUG org.asynchttpclient.netty.handler.HttpHandler -- Channel Closed: [id: 0xb3c52a02, L:/127.0.0.1:52599 ! R:localhost/127.0.0.1:39975] with attribute DISCARD
14:29:27.204 [AsyncHttpClient-1-1] DEBUG org.asynchttpclient.netty.channel.DefaultChannelPool -- Entry count for : http://localhost:39975 : 1
14:29:27.204 [AsyncHttpClient-1-1] DEBUG org.asynchttpclient.netty.channel.DefaultChannelPool -- Entry count for : http://localhost:52603 : 1
14:29:27.204 [AsyncHttpClient-1-1] DEBUG org.asynchttpclient.netty.channel.DefaultChannelPool -- Adding Candidate expired Channel [id: 0xb3c52a02, L:/127.0.0.1:52599 ! R:localhost/127.0.0.1:39975] isIdleTimeoutExpired=false isRemotelyClosed=true isTtlExpired=false
14:29:27.204 [AsyncHttpClient-1-1] DEBUG org.asynchttpclient.netty.channel.DefaultChannelPool -- Closing Idle Channel [id: 0xb3c52a02, L:/127.0.0.1:52599 ! R:localhost/127.0.0.1:39975]
14:29:27.204 [AsyncHttpClient-1-1] DEBUG org.asynchttpclient.netty.channel.DefaultChannelPool -- Adding Candidate expired Channel [id: 0xe40519f3, L:/127.0.0.1:52617 ! R:localhost/127.0.0.1:52603] isIdleTimeoutExpired=false isRemotelyClosed=true isTtlExpired=false
14:29:27.204 [AsyncHttpClient-1-1] DEBUG org.asynchttpclient.netty.channel.DefaultChannelPool -- Closing Idle Channel [id: 0xe40519f3, L:/127.0.0.1:52617 ! R:localhost/127.0.0.1:52603]
14:29:27.204 [AsyncHttpClient-1-1] DEBUG org.asynchttpclient.netty.channel.DefaultChannelPool -- Closed 2 connections out of 2 in 0 ms
14:29:29.405 [AsyncHttpClient-1-1] DEBUG org.asynchttpclient.netty.channel.DefaultChannelPool -- Entry count for : http://localhost:52653 : 1
14:29:30.505 [AsyncHttpClient-1-1] DEBUG org.asynchttpclient.netty.channel.DefaultChannelPool -- Entry count for : http://localhost:27679 : 1
14:29:30.505 [AsyncHttpClient-1-1] DEBUG org.asynchttpclient.netty.channel.DefaultChannelPool -- Entry count for : http://localhost:52653 : 1
14:29:30.505 [AsyncHttpClient-1-1] DEBUG org.asynchttpclient.netty.channel.DefaultChannelPool -- Adding Candidate expired Channel [id: 0xcfae1b15, L:/127.0.0.1:52650 ! R:localhost/127.0.0.1:27679] isIdleTimeoutExpired=false isRemotelyClosed=true isTtlExpired=false
14:29:30.505 [AsyncHttpClient-1-1] DEBUG org.asynchttpclient.netty.channel.DefaultChannelPool -- Closing Idle Channel [id: 0xcfae1b15, L:/127.0.0.1:52650 ! R:localhost/127.0.0.1:27679]
14:29:30.505 [AsyncHttpClient-1-1] DEBUG org.asynchttpclient.netty.channel.DefaultChannelPool -- Adding Candidate expired Channel [id: 0x35102dd4, L:/127.0.0.1:52660 ! R:localhost/127.0.0.1:52653] isIdleTimeoutExpired=false isRemotelyClosed=true isTtlExpired=false
14:29:30.505 [AsyncHttpClient-1-1] DEBUG org.asynchttpclient.netty.channel.DefaultChannelPool -- Closing Idle Channel [id: 0x35102dd4, L:/127.0.0.1:52660 ! R:localhost/127.0.0.1:52653]
14:29:30.505 [AsyncHttpClient-1-1] DEBUG org.asynchttpclient.netty.channel.DefaultChannelPool -- Closed 2 connections out of 2 in 0 ms
14:29:31.614 [AsyncHttpClient-1-1] DEBUG org.asynchttpclient.netty.channel.DefaultChannelPool -- Entry count for : http://localhost:52686 : 1
14:29:32.707 [AsyncHttpClient-1-1] DEBUG org.asynchttpclient.netty.channel.DefaultChannelPool -- Entry count for : http://localhost:52686 : 1
]]></system-out>
    <system-err><![CDATA[ERROR StatusLogger Log4j2 could not find a logging implementation. Please add log4j-core to the classpath. Using SimpleLogger to log to the console...
Aug 08, 2023 2:29:21 PM org.openqa.selenium.remote.service.DriverService$Builder getLogOutput
INFO: Driver logs no longer sent to console by default; https://www.selenium.dev/documentation/webdriver/drivers/service/#setting-log-output
Aug 08, 2023 2:29:24 PM org.openqa.selenium.devtools.CdpVersionFinder findNearestMatch
WARNING: Unable to find an exact match for CDP version 115, so returning the closest version found: 114
]]></system-err>
  </testcase>
  <testcase name="Login Data Driven Excel #2" classname="Login Data Driven with Excel" time="3.307">
    <failure type="java.lang.AssertionError"><![CDATA[java.lang.AssertionError
	at org.junit.Assert.fail(Assert.java:87)
	at org.junit.Assert.assertTrue(Assert.java:42)
	at org.junit.Assert.assertTrue(Assert.java:53)
	at stepDefinitions.Steps.check_user_navigates_to_my_account_page_by_passing_email_and_password_with_excel_row(Steps.java:171)
	at ✽.Check User navigates to MyAccount Page by passing Email and Password with excel row "2"(file:///C:/Users/ITamas/IdeaProjects/opencart_cucumber_framework/./Features/LoginDDTExcel.feature:8)
]]></failure>
    <system-out><![CDATA[
Scenario Outline: Login Data Driven Excel                                                      # Features/LoginDDTExcel.feature:13
14:29:27.726 [AsyncHttpClient-1-5] DEBUG org.asynchttpclient.netty.channel.NettyConnectListener -- Using new Channel '[id: 0xcfae1b15, L:/127.0.0.1:52650 - R:localhost/127.0.0.1:27679]' for 'POST' to '/session'
14:29:28.436 [AsyncHttpClient-1-5] DEBUG org.asynchttpclient.netty.handler.HttpHandler -- 

Request DefaultHttpRequest(decodeResult: success, version: HTTP/1.1)
POST /session HTTP/1.1
User-Agent: selenium/4.10.0 (java windows)
Content-Length: 254
Content-Type: application/json; charset=utf-8
host: localhost:27679
accept: */*

Response DefaultHttpResponse(decodeResult: success, version: HTTP/1.1)
HTTP/1.1 200 OK
Content-Length: 861
Content-Type: application/json; charset=utf-8
cache-control: no-cache

14:29:28.436 [AsyncHttpClient-1-5] DEBUG org.asynchttpclient.netty.channel.ChannelManager -- Adding key: http://localhost:27679 for channel [id: 0xcfae1b15, L:/127.0.0.1:52650 - R:localhost/127.0.0.1:27679]
14:29:28.442 [AsyncHttpClient-1-6] DEBUG org.asynchttpclient.netty.channel.NettyConnectListener -- Using new Channel '[id: 0x35102dd4, L:/127.0.0.1:52660 - R:localhost/127.0.0.1:52653]' for 'GET' to '/json/version'
14:29:28.444 [AsyncHttpClient-1-6] DEBUG org.asynchttpclient.netty.handler.HttpHandler -- 

Request DefaultFullHttpRequest(decodeResult: success, version: HTTP/1.1, content: EmptyByteBufBE)
GET /json/version HTTP/1.1
User-Agent: selenium/4.10.0 (java windows)
host: localhost:52653
accept: */*

Response DefaultHttpResponse(decodeResult: success, version: HTTP/1.1)
HTTP/1.1 200 OK
Content-Security-Policy: frame-ancestors 'none'
Content-Length: 424
Content-Type: application/json; charset=UTF-8

14:29:28.444 [AsyncHttpClient-1-6] DEBUG org.asynchttpclient.netty.channel.ChannelManager -- Adding key: http://localhost:52653 for channel [id: 0x35102dd4, L:/127.0.0.1:52660 - R:localhost/127.0.0.1:52653]
14:29:28.447 [AsyncHttpClient-1-7] DEBUG org.asynchttpclient.netty.channel.NettyConnectListener -- Using new Channel '[id: 0x9ed8a349, L:/127.0.0.1:52661 - R:localhost/127.0.0.1:52653]' for 'GET' to '/devtools/browser/69d0e49e-db24-4ee7-8557-96f629da335e'
14:29:28.451 [AsyncHttpClient-1-7] DEBUG org.asynchttpclient.netty.handler.WebSocketHandler -- 

Request DefaultFullHttpRequest(decodeResult: success, version: HTTP/1.1, content: EmptyByteBufBE)
GET /devtools/browser/69d0e49e-db24-4ee7-8557-96f629da335e HTTP/1.1
upgrade: websocket
connection: upgrade
sec-websocket-key: 8vMe7eGsZHZVairhKvensA==
sec-websocket-version: 13
origin: http://localhost:52653
host: localhost:52653
accept: */*
user-agent: AHC/2.1

Response DefaultHttpResponse(decodeResult: success, version: HTTP/1.1)
HTTP/1.1 101 WebSocket Protocol Handshake
Upgrade: WebSocket
Connection: Upgrade
Sec-WebSocket-Accept: wyGbRHIn2otoWEXfAuW1l57Gtfo=

14:29:28.455 [Forwarding setTimeout on session c421742cd67ef40cb3b9024f8e8d9d99 to remote] DEBUG org.asynchttpclient.netty.request.NettyRequestSender -- Using pooled Channel '[id: 0xcfae1b15, L:/127.0.0.1:52650 - R:localhost/127.0.0.1:27679]' for 'POST' to 'http://localhost:27679/session/c421742cd67ef40cb3b9024f8e8d9d99/timeouts'
14:29:28.455 [Forwarding setTimeout on session c421742cd67ef40cb3b9024f8e8d9d99 to remote] DEBUG org.asynchttpclient.netty.request.NettyRequestSender -- Using open Channel [id: 0xcfae1b15, L:/127.0.0.1:52650 - R:localhost/127.0.0.1:27679] for POST '/session/c421742cd67ef40cb3b9024f8e8d9d99/timeouts'
14:29:28.457 [AsyncHttpClient-1-5] DEBUG org.asynchttpclient.netty.handler.HttpHandler -- 

Request DefaultHttpRequest(decodeResult: success, version: HTTP/1.1)
POST /session/c421742cd67ef40cb3b9024f8e8d9d99/timeouts HTTP/1.1
User-Agent: selenium/4.10.0 (java windows)
Content-Length: 23
Content-Type: application/json; charset=utf-8
host: localhost:27679
accept: */*

Response DefaultHttpResponse(decodeResult: success, version: HTTP/1.1)
HTTP/1.1 200 OK
Content-Length: 14
Content-Type: application/json; charset=utf-8
cache-control: no-cache

14:29:28.457 [AsyncHttpClient-1-5] DEBUG org.asynchttpclient.netty.channel.ChannelManager -- Adding key: http://localhost:27679 for channel [id: 0xcfae1b15, L:/127.0.0.1:52650 - R:localhost/127.0.0.1:27679]
  Given User launches browser                                                                  # stepDefinitions.Steps.user_launches_browser()
14:29:28.459 [Forwarding get on session c421742cd67ef40cb3b9024f8e8d9d99 to remote] DEBUG org.asynchttpclient.netty.request.NettyRequestSender -- Using pooled Channel '[id: 0xcfae1b15, L:/127.0.0.1:52650 - R:localhost/127.0.0.1:27679]' for 'POST' to 'http://localhost:27679/session/c421742cd67ef40cb3b9024f8e8d9d99/url'
14:29:28.459 [Forwarding get on session c421742cd67ef40cb3b9024f8e8d9d99 to remote] DEBUG org.asynchttpclient.netty.request.NettyRequestSender -- Using open Channel [id: 0xcfae1b15, L:/127.0.0.1:52650 - R:localhost/127.0.0.1:27679] for POST '/session/c421742cd67ef40cb3b9024f8e8d9d99/url'
14:29:28.808 [AsyncHttpClient-1-5] DEBUG org.asynchttpclient.netty.handler.HttpHandler -- 

Request DefaultHttpRequest(decodeResult: success, version: HTTP/1.1)
POST /session/c421742cd67ef40cb3b9024f8e8d9d99/url HTTP/1.1
User-Agent: selenium/4.10.0 (java windows)
Content-Length: 76
Content-Type: application/json; charset=utf-8
host: localhost:27679
accept: */*

Response DefaultHttpResponse(decodeResult: success, version: HTTP/1.1)
HTTP/1.1 200 OK
Content-Length: 14
Content-Type: application/json; charset=utf-8
cache-control: no-cache

14:29:28.808 [AsyncHttpClient-1-5] DEBUG org.asynchttpclient.netty.channel.ChannelManager -- Adding key: http://localhost:27679 for channel [id: 0xcfae1b15, L:/127.0.0.1:52650 - R:localhost/127.0.0.1:27679]
14:29:28.810 [Forwarding maximizeCurrentWindow on session c421742cd67ef40cb3b9024f8e8d9d99 to remote] DEBUG org.asynchttpclient.netty.request.NettyRequestSender -- Using pooled Channel '[id: 0xcfae1b15, L:/127.0.0.1:52650 - R:localhost/127.0.0.1:27679]' for 'POST' to 'http://localhost:27679/session/c421742cd67ef40cb3b9024f8e8d9d99/window/maximize'
14:29:28.810 [Forwarding maximizeCurrentWindow on session c421742cd67ef40cb3b9024f8e8d9d99 to remote] DEBUG org.asynchttpclient.netty.request.NettyRequestSender -- Using open Channel [id: 0xcfae1b15, L:/127.0.0.1:52650 - R:localhost/127.0.0.1:27679] for POST '/session/c421742cd67ef40cb3b9024f8e8d9d99/window/maximize'
14:29:28.953 [AsyncHttpClient-1-5] DEBUG org.asynchttpclient.netty.handler.HttpHandler -- 

Request DefaultHttpRequest(decodeResult: success, version: HTTP/1.1)
POST /session/c421742cd67ef40cb3b9024f8e8d9d99/window/maximize HTTP/1.1
User-Agent: selenium/4.10.0 (java windows)
Content-Length: 3
Content-Type: application/json; charset=utf-8
host: localhost:27679
accept: */*

Response DefaultHttpResponse(decodeResult: success, version: HTTP/1.1)
HTTP/1.1 200 OK
Content-Length: 51
Content-Type: application/json; charset=utf-8
cache-control: no-cache

14:29:28.954 [AsyncHttpClient-1-5] DEBUG org.asynchttpclient.netty.channel.ChannelManager -- Adding key: http://localhost:27679 for channel [id: 0xcfae1b15, L:/127.0.0.1:52650 - R:localhost/127.0.0.1:27679]
  And Opens URL "http://localhost:81/opencart/upload/"                                         # stepDefinitions.Steps.opens_url(java.lang.String)
14:29:28.955 [Forwarding findElement on session c421742cd67ef40cb3b9024f8e8d9d99 to remote] DEBUG org.asynchttpclient.netty.request.NettyRequestSender -- Using pooled Channel '[id: 0xcfae1b15, L:/127.0.0.1:52650 - R:localhost/127.0.0.1:27679]' for 'POST' to 'http://localhost:27679/session/c421742cd67ef40cb3b9024f8e8d9d99/element'
14:29:28.955 [Forwarding findElement on session c421742cd67ef40cb3b9024f8e8d9d99 to remote] DEBUG org.asynchttpclient.netty.request.NettyRequestSender -- Using open Channel [id: 0xcfae1b15, L:/127.0.0.1:52650 - R:localhost/127.0.0.1:27679] for POST '/session/c421742cd67ef40cb3b9024f8e8d9d99/element'
14:29:28.969 [AsyncHttpClient-1-5] DEBUG org.asynchttpclient.netty.handler.HttpHandler -- 

Request DefaultHttpRequest(decodeResult: success, version: HTTP/1.1)
POST /session/c421742cd67ef40cb3b9024f8e8d9d99/element HTTP/1.1
User-Agent: selenium/4.10.0 (java windows)
Content-Length: 74
Content-Type: application/json; charset=utf-8
host: localhost:27679
accept: */*

Response DefaultHttpResponse(decodeResult: success, version: HTTP/1.1)
HTTP/1.1 200 OK
Content-Length: 95
Content-Type: application/json; charset=utf-8
cache-control: no-cache

14:29:28.969 [AsyncHttpClient-1-5] DEBUG org.asynchttpclient.netty.channel.ChannelManager -- Adding key: http://localhost:27679 for channel [id: 0xcfae1b15, L:/127.0.0.1:52650 - R:localhost/127.0.0.1:27679]
14:29:28.971 [Forwarding clickElement on session c421742cd67ef40cb3b9024f8e8d9d99 to remote] DEBUG org.asynchttpclient.netty.request.NettyRequestSender -- Using pooled Channel '[id: 0xcfae1b15, L:/127.0.0.1:52650 - R:localhost/127.0.0.1:27679]' for 'POST' to 'http://localhost:27679/session/c421742cd67ef40cb3b9024f8e8d9d99/element/8887A76D3169D7EF7371BB18B5CF2A72_element_51/click'
14:29:28.971 [Forwarding clickElement on session c421742cd67ef40cb3b9024f8e8d9d99 to remote] DEBUG org.asynchttpclient.netty.request.NettyRequestSender -- Using open Channel [id: 0xcfae1b15, L:/127.0.0.1:52650 - R:localhost/127.0.0.1:27679] for POST '/session/c421742cd67ef40cb3b9024f8e8d9d99/element/8887A76D3169D7EF7371BB18B5CF2A72_element_51/click'
14:29:29.012 [AsyncHttpClient-1-5] DEBUG org.asynchttpclient.netty.handler.HttpHandler -- 

Request DefaultHttpRequest(decodeResult: success, version: HTTP/1.1)
POST /session/c421742cd67ef40cb3b9024f8e8d9d99/element/8887A76D3169D7EF7371BB18B5CF2A72_element_51/click HTTP/1.1
User-Agent: selenium/4.10.0 (java windows)
Content-Length: 57
Content-Type: application/json; charset=utf-8
host: localhost:27679
accept: */*

Response DefaultHttpResponse(decodeResult: success, version: HTTP/1.1)
HTTP/1.1 200 OK
Content-Length: 14
Content-Type: application/json; charset=utf-8
cache-control: no-cache

14:29:29.012 [AsyncHttpClient-1-5] DEBUG org.asynchttpclient.netty.channel.ChannelManager -- Adding key: http://localhost:27679 for channel [id: 0xcfae1b15, L:/127.0.0.1:52650 - R:localhost/127.0.0.1:27679]
  When User navigates to MyAccount menu                                                        # stepDefinitions.Steps.user_navigates_to_my_account()
14:29:29.013 [Forwarding findElement on session c421742cd67ef40cb3b9024f8e8d9d99 to remote] DEBUG org.asynchttpclient.netty.request.NettyRequestSender -- Using pooled Channel '[id: 0xcfae1b15, L:/127.0.0.1:52650 - R:localhost/127.0.0.1:27679]' for 'POST' to 'http://localhost:27679/session/c421742cd67ef40cb3b9024f8e8d9d99/element'
14:29:29.013 [Forwarding findElement on session c421742cd67ef40cb3b9024f8e8d9d99 to remote] DEBUG org.asynchttpclient.netty.request.NettyRequestSender -- Using open Channel [id: 0xcfae1b15, L:/127.0.0.1:52650 - R:localhost/127.0.0.1:27679] for POST '/session/c421742cd67ef40cb3b9024f8e8d9d99/element'
14:29:29.025 [AsyncHttpClient-1-5] DEBUG org.asynchttpclient.netty.handler.HttpHandler -- 

Request DefaultHttpRequest(decodeResult: success, version: HTTP/1.1)
POST /session/c421742cd67ef40cb3b9024f8e8d9d99/element HTTP/1.1
User-Agent: selenium/4.10.0 (java windows)
Content-Length: 46
Content-Type: application/json; charset=utf-8
host: localhost:27679
accept: */*

Response DefaultHttpResponse(decodeResult: success, version: HTTP/1.1)
HTTP/1.1 200 OK
Content-Length: 95
Content-Type: application/json; charset=utf-8
cache-control: no-cache

14:29:29.025 [AsyncHttpClient-1-5] DEBUG org.asynchttpclient.netty.channel.ChannelManager -- Adding key: http://localhost:27679 for channel [id: 0xcfae1b15, L:/127.0.0.1:52650 - R:localhost/127.0.0.1:27679]
14:29:29.026 [Forwarding clickElement on session c421742cd67ef40cb3b9024f8e8d9d99 to remote] DEBUG org.asynchttpclient.netty.request.NettyRequestSender -- Using pooled Channel '[id: 0xcfae1b15, L:/127.0.0.1:52650 - R:localhost/127.0.0.1:27679]' for 'POST' to 'http://localhost:27679/session/c421742cd67ef40cb3b9024f8e8d9d99/element/8887A76D3169D7EF7371BB18B5CF2A72_element_52/click'
14:29:29.026 [Forwarding clickElement on session c421742cd67ef40cb3b9024f8e8d9d99 to remote] DEBUG org.asynchttpclient.netty.request.NettyRequestSender -- Using open Channel [id: 0xcfae1b15, L:/127.0.0.1:52650 - R:localhost/127.0.0.1:27679] for POST '/session/c421742cd67ef40cb3b9024f8e8d9d99/element/8887A76D3169D7EF7371BB18B5CF2A72_element_52/click'
14:29:29.300 [AsyncHttpClient-1-5] DEBUG org.asynchttpclient.netty.handler.HttpHandler -- 

Request DefaultHttpRequest(decodeResult: success, version: HTTP/1.1)
POST /session/c421742cd67ef40cb3b9024f8e8d9d99/element/8887A76D3169D7EF7371BB18B5CF2A72_element_52/click HTTP/1.1
User-Agent: selenium/4.10.0 (java windows)
Content-Length: 57
Content-Type: application/json; charset=utf-8
host: localhost:27679
accept: */*

Response DefaultHttpResponse(decodeResult: success, version: HTTP/1.1)
HTTP/1.1 200 OK
Content-Length: 14
Content-Type: application/json; charset=utf-8
cache-control: no-cache

14:29:29.301 [AsyncHttpClient-1-5] DEBUG org.asynchttpclient.netty.channel.ChannelManager -- Adding key: http://localhost:27679 for channel [id: 0xcfae1b15, L:/127.0.0.1:52650 - R:localhost/127.0.0.1:27679]
  And Clicks on Login                                                                          # stepDefinitions.Steps.click_on_login()
14:29:29.329 [Forwarding findElement on session c421742cd67ef40cb3b9024f8e8d9d99 to remote] DEBUG org.asynchttpclient.netty.request.NettyRequestSender -- Using pooled Channel '[id: 0xcfae1b15, L:/127.0.0.1:52650 - R:localhost/127.0.0.1:27679]' for 'POST' to 'http://localhost:27679/session/c421742cd67ef40cb3b9024f8e8d9d99/element'
14:29:29.329 [Forwarding findElement on session c421742cd67ef40cb3b9024f8e8d9d99 to remote] DEBUG org.asynchttpclient.netty.request.NettyRequestSender -- Using open Channel [id: 0xcfae1b15, L:/127.0.0.1:52650 - R:localhost/127.0.0.1:27679] for POST '/session/c421742cd67ef40cb3b9024f8e8d9d99/element'
14:29:29.342 [AsyncHttpClient-1-5] DEBUG org.asynchttpclient.netty.handler.HttpHandler -- 

Request DefaultHttpRequest(decodeResult: success, version: HTTP/1.1)
POST /session/c421742cd67ef40cb3b9024f8e8d9d99/element HTTP/1.1
User-Agent: selenium/4.10.0 (java windows)
Content-Length: 73
Content-Type: application/json; charset=utf-8
host: localhost:27679
accept: */*

Response DefaultHttpResponse(decodeResult: success, version: HTTP/1.1)
HTTP/1.1 200 OK
Content-Length: 95
Content-Type: application/json; charset=utf-8
cache-control: no-cache

14:29:29.342 [AsyncHttpClient-1-5] DEBUG org.asynchttpclient.netty.channel.ChannelManager -- Adding key: http://localhost:27679 for channel [id: 0xcfae1b15, L:/127.0.0.1:52650 - R:localhost/127.0.0.1:27679]
14:29:29.344 [Forwarding sendKeysToElement on session c421742cd67ef40cb3b9024f8e8d9d99 to remote] DEBUG org.asynchttpclient.netty.request.NettyRequestSender -- Using pooled Channel '[id: 0xcfae1b15, L:/127.0.0.1:52650 - R:localhost/127.0.0.1:27679]' for 'POST' to 'http://localhost:27679/session/c421742cd67ef40cb3b9024f8e8d9d99/element/98C15174C488419E0747675D5E0D815C_element_80/value'
14:29:29.345 [Forwarding sendKeysToElement on session c421742cd67ef40cb3b9024f8e8d9d99 to remote] DEBUG org.asynchttpclient.netty.request.NettyRequestSender -- Using open Channel [id: 0xcfae1b15, L:/127.0.0.1:52650 - R:localhost/127.0.0.1:27679] for POST '/session/c421742cd67ef40cb3b9024f8e8d9d99/element/98C15174C488419E0747675D5E0D815C_element_80/value'
14:29:29.400 [AsyncHttpClient-1-5] DEBUG org.asynchttpclient.netty.handler.HttpHandler -- 

Request DefaultHttpRequest(decodeResult: success, version: HTTP/1.1)
POST /session/c421742cd67ef40cb3b9024f8e8d9d99/element/98C15174C488419E0747675D5E0D815C_element_80/value HTTP/1.1
User-Agent: selenium/4.10.0 (java windows)
Content-Length: 258
Content-Type: application/json; charset=utf-8
host: localhost:27679
accept: */*

Response DefaultHttpResponse(decodeResult: success, version: HTTP/1.1)
HTTP/1.1 200 OK
Content-Length: 14
Content-Type: application/json; charset=utf-8
cache-control: no-cache

14:29:29.400 [AsyncHttpClient-1-5] DEBUG org.asynchttpclient.netty.channel.ChannelManager -- Adding key: http://localhost:27679 for channel [id: 0xcfae1b15, L:/127.0.0.1:52650 - R:localhost/127.0.0.1:27679]
14:29:29.401 [Forwarding findElement on session c421742cd67ef40cb3b9024f8e8d9d99 to remote] DEBUG org.asynchttpclient.netty.request.NettyRequestSender -- Using pooled Channel '[id: 0xcfae1b15, L:/127.0.0.1:52650 - R:localhost/127.0.0.1:27679]' for 'POST' to 'http://localhost:27679/session/c421742cd67ef40cb3b9024f8e8d9d99/element'
14:29:29.401 [Forwarding findElement on session c421742cd67ef40cb3b9024f8e8d9d99 to remote] DEBUG org.asynchttpclient.netty.request.NettyRequestSender -- Using open Channel [id: 0xcfae1b15, L:/127.0.0.1:52650 - R:localhost/127.0.0.1:27679] for POST '/session/c421742cd67ef40cb3b9024f8e8d9d99/element'
14:29:29.408 [AsyncHttpClient-1-5] DEBUG org.asynchttpclient.netty.handler.HttpHandler -- 

Request DefaultHttpRequest(decodeResult: success, version: HTTP/1.1)
POST /session/c421742cd67ef40cb3b9024f8e8d9d99/element HTTP/1.1
User-Agent: selenium/4.10.0 (java windows)
Content-Length: 76
Content-Type: application/json; charset=utf-8
host: localhost:27679
accept: */*

Response DefaultHttpResponse(decodeResult: success, version: HTTP/1.1)
HTTP/1.1 200 OK
Content-Length: 95
Content-Type: application/json; charset=utf-8
cache-control: no-cache

14:29:29.408 [AsyncHttpClient-1-5] DEBUG org.asynchttpclient.netty.channel.ChannelManager -- Adding key: http://localhost:27679 for channel [id: 0xcfae1b15, L:/127.0.0.1:52650 - R:localhost/127.0.0.1:27679]
14:29:29.409 [Forwarding sendKeysToElement on session c421742cd67ef40cb3b9024f8e8d9d99 to remote] DEBUG org.asynchttpclient.netty.request.NettyRequestSender -- Using pooled Channel '[id: 0xcfae1b15, L:/127.0.0.1:52650 - R:localhost/127.0.0.1:27679]' for 'POST' to 'http://localhost:27679/session/c421742cd67ef40cb3b9024f8e8d9d99/element/98C15174C488419E0747675D5E0D815C_element_77/value'
14:29:29.409 [Forwarding sendKeysToElement on session c421742cd67ef40cb3b9024f8e8d9d99 to remote] DEBUG org.asynchttpclient.netty.request.NettyRequestSender -- Using open Channel [id: 0xcfae1b15, L:/127.0.0.1:52650 - R:localhost/127.0.0.1:27679] for POST '/session/c421742cd67ef40cb3b9024f8e8d9d99/element/98C15174C488419E0747675D5E0D815C_element_77/value'
14:29:29.436 [AsyncHttpClient-1-5] DEBUG org.asynchttpclient.netty.handler.HttpHandler -- 

Request DefaultHttpRequest(decodeResult: success, version: HTTP/1.1)
POST /session/c421742cd67ef40cb3b9024f8e8d9d99/element/98C15174C488419E0747675D5E0D815C_element_77/value HTTP/1.1
User-Agent: selenium/4.10.0 (java windows)
Content-Length: 138
Content-Type: application/json; charset=utf-8
host: localhost:27679
accept: */*

Response DefaultHttpResponse(decodeResult: success, version: HTTP/1.1)
HTTP/1.1 200 OK
Content-Length: 14
Content-Type: application/json; charset=utf-8
cache-control: no-cache

14:29:29.436 [AsyncHttpClient-1-5] DEBUG org.asynchttpclient.netty.channel.ChannelManager -- Adding key: http://localhost:27679 for channel [id: 0xcfae1b15, L:/127.0.0.1:52650 - R:localhost/127.0.0.1:27679]
14:29:29.437 [Forwarding findElement on session c421742cd67ef40cb3b9024f8e8d9d99 to remote] DEBUG org.asynchttpclient.netty.request.NettyRequestSender -- Using pooled Channel '[id: 0xcfae1b15, L:/127.0.0.1:52650 - R:localhost/127.0.0.1:27679]' for 'POST' to 'http://localhost:27679/session/c421742cd67ef40cb3b9024f8e8d9d99/element'
14:29:29.437 [Forwarding findElement on session c421742cd67ef40cb3b9024f8e8d9d99 to remote] DEBUG org.asynchttpclient.netty.request.NettyRequestSender -- Using open Channel [id: 0xcfae1b15, L:/127.0.0.1:52650 - R:localhost/127.0.0.1:27679] for POST '/session/c421742cd67ef40cb3b9024f8e8d9d99/element'
14:29:29.443 [AsyncHttpClient-1-5] DEBUG org.asynchttpclient.netty.handler.HttpHandler -- 

Request DefaultHttpRequest(decodeResult: success, version: HTTP/1.1)
POST /session/c421742cd67ef40cb3b9024f8e8d9d99/element HTTP/1.1
User-Agent: selenium/4.10.0 (java windows)
Content-Length: 82
Content-Type: application/json; charset=utf-8
host: localhost:27679
accept: */*

Response DefaultHttpResponse(decodeResult: success, version: HTTP/1.1)
HTTP/1.1 200 OK
Content-Length: 95
Content-Type: application/json; charset=utf-8
cache-control: no-cache

14:29:29.444 [AsyncHttpClient-1-5] DEBUG org.asynchttpclient.netty.channel.ChannelManager -- Adding key: http://localhost:27679 for channel [id: 0xcfae1b15, L:/127.0.0.1:52650 - R:localhost/127.0.0.1:27679]
14:29:29.444 [Forwarding clickElement on session c421742cd67ef40cb3b9024f8e8d9d99 to remote] DEBUG org.asynchttpclient.netty.request.NettyRequestSender -- Using pooled Channel '[id: 0xcfae1b15, L:/127.0.0.1:52650 - R:localhost/127.0.0.1:27679]' for 'POST' to 'http://localhost:27679/session/c421742cd67ef40cb3b9024f8e8d9d99/element/98C15174C488419E0747675D5E0D815C_element_84/click'
14:29:29.444 [Forwarding clickElement on session c421742cd67ef40cb3b9024f8e8d9d99 to remote] DEBUG org.asynchttpclient.netty.request.NettyRequestSender -- Using open Channel [id: 0xcfae1b15, L:/127.0.0.1:52650 - R:localhost/127.0.0.1:27679] for POST '/session/c421742cd67ef40cb3b9024f8e8d9d99/element/98C15174C488419E0747675D5E0D815C_element_84/click'
14:29:29.469 [AsyncHttpClient-1-5] DEBUG org.asynchttpclient.netty.handler.HttpHandler -- 

Request DefaultHttpRequest(decodeResult: success, version: HTTP/1.1)
POST /session/c421742cd67ef40cb3b9024f8e8d9d99/element/98C15174C488419E0747675D5E0D815C_element_84/click HTTP/1.1
User-Agent: selenium/4.10.0 (java windows)
Content-Length: 57
Content-Type: application/json; charset=utf-8
host: localhost:27679
accept: */*

Response DefaultHttpResponse(decodeResult: success, version: HTTP/1.1)
HTTP/1.1 200 OK
Content-Length: 14
Content-Type: application/json; charset=utf-8
cache-control: no-cache

14:29:29.469 [AsyncHttpClient-1-5] DEBUG org.asynchttpclient.netty.channel.ChannelManager -- Adding key: http://localhost:27679 for channel [id: 0xcfae1b15, L:/127.0.0.1:52650 - R:localhost/127.0.0.1:27679]
  Then Check User navigates to MyAccount Page by passing Email and Password with excel row "2" # stepDefinitions.Steps.check_user_navigates_to_my_account_page_by_passing_email_and_password_with_excel_row(java.lang.String)
      java.lang.AssertionError
	at org.junit.Assert.fail(Assert.java:87)
	at org.junit.Assert.assertTrue(Assert.java:42)
	at org.junit.Assert.assertTrue(Assert.java:53)
	at stepDefinitions.Steps.check_user_navigates_to_my_account_page_by_passing_email_and_password_with_excel_row(Steps.java:171)
	at âœ½.Check User navigates to MyAccount Page by passing Email and Password with excel row "2"(file:///C:/Users/ITamas/IdeaProjects/opencart_cucumber_framework/./Features/LoginDDTExcel.feature:8)

Scenario status ======> FAILED
14:29:29.471 [Forwarding screenshot on session c421742cd67ef40cb3b9024f8e8d9d99 to remote] DEBUG org.asynchttpclient.netty.request.NettyRequestSender -- Using pooled Channel '[id: 0xcfae1b15, L:/127.0.0.1:52650 - R:localhost/127.0.0.1:27679]' for 'GET' to 'http://localhost:27679/session/c421742cd67ef40cb3b9024f8e8d9d99/screenshot'
14:29:29.471 [Forwarding screenshot on session c421742cd67ef40cb3b9024f8e8d9d99 to remote] DEBUG org.asynchttpclient.netty.request.NettyRequestSender -- Using open Channel [id: 0xcfae1b15, L:/127.0.0.1:52650 - R:localhost/127.0.0.1:27679] for GET '/session/c421742cd67ef40cb3b9024f8e8d9d99/screenshot'
14:29:29.660 [AsyncHttpClient-1-5] DEBUG org.asynchttpclient.netty.handler.HttpHandler -- 

Request DefaultFullHttpRequest(decodeResult: success, version: HTTP/1.1, content: EmptyByteBufBE)
GET /session/c421742cd67ef40cb3b9024f8e8d9d99/screenshot HTTP/1.1
User-Agent: selenium/4.10.0 (java windows)
Cache-Control: no-cache
Content-Type: application/json; charset=utf-8
host: localhost:27679
accept: */*

Response DefaultHttpResponse(decodeResult: success, version: HTTP/1.1)
HTTP/1.1 200 OK
Content-Length: 127840
Content-Type: application/json; charset=utf-8
cache-control: no-cache

14:29:29.661 [AsyncHttpClient-1-5] DEBUG org.asynchttpclient.netty.channel.ChannelManager -- Adding key: http://localhost:27679 for channel [id: 0xcfae1b15, L:/127.0.0.1:52650 - R:localhost/127.0.0.1:27679]

    Embedding Login Data Driven Excel [image/png 95871 bytes]

14:29:29.668 [AsyncHttpClient-1-7] DEBUG org.asynchttpclient.netty.handler.WebSocketHandler -- Channel Closed: [id: 0x9ed8a349, L:/127.0.0.1:52661 ! R:localhost/127.0.0.1:52653] with attribute NettyResponseFuture{currentRetry=0,
	isDone=1,
	isCancelled=0,
	asyncHandler=org.asynchttpclient.ws.WebSocketUpgradeHandler@db5648d,
	nettyRequest=org.asynchttpclient.netty.request.NettyRequest@48b7eb5f,
	future=java.util.concurrent.CompletableFuture@276a3753[Completed normally],
	uri=ws://localhost:52653/devtools/browser/69d0e49e-db24-4ee7-8557-96f629da335e,
	keepAlive=true,
	redirectCount=0,
	timeoutsHolder=null,
	inAuth=0,
	touch=1691494168451}
14:29:29.668 [AsyncHttpClient-1-7] DEBUG org.asynchttpclient.netty.channel.ChannelManager -- Closing Channel [id: 0x9ed8a349, L:/127.0.0.1:52661 ! R:localhost/127.0.0.1:52653] 
14:29:29.669 [Driver Command Executor] DEBUG org.asynchttpclient.netty.request.NettyRequestSender -- Using pooled Channel '[id: 0xcfae1b15, L:/127.0.0.1:52650 - R:localhost/127.0.0.1:27679]' for 'DELETE' to 'http://localhost:27679/session/c421742cd67ef40cb3b9024f8e8d9d99'
14:29:29.669 [Driver Command Executor] DEBUG org.asynchttpclient.netty.request.NettyRequestSender -- Using open Channel [id: 0xcfae1b15, L:/127.0.0.1:52650 - R:localhost/127.0.0.1:27679] for DELETE '/session/c421742cd67ef40cb3b9024f8e8d9d99'
14:29:29.755 [AsyncHttpClient-1-6] DEBUG org.asynchttpclient.netty.handler.HttpHandler -- Unexpected I/O exception on channel [id: 0x35102dd4, L:/127.0.0.1:52660 - R:localhost/127.0.0.1:52653]
java.net.SocketException: Connection reset
	at java.base/sun.nio.ch.SocketChannelImpl.throwConnectionReset(SocketChannelImpl.java:394)
	at java.base/sun.nio.ch.SocketChannelImpl.read(SocketChannelImpl.java:426)
	at io.netty.buffer.PooledByteBuf.setBytes(PooledByteBuf.java:256)
	at io.netty.buffer.AbstractByteBuf.writeBytes(AbstractByteBuf.java:1132)
	at io.netty.channel.socket.nio.NioSocketChannel.doReadBytes(NioSocketChannel.java:357)
	at io.netty.channel.nio.AbstractNioByteChannel$NioByteUnsafe.read(AbstractNioByteChannel.java:151)
	at io.netty.channel.nio.NioEventLoop.processSelectedKey(NioEventLoop.java:788)
	at io.netty.channel.nio.NioEventLoop.processSelectedKeysOptimized(NioEventLoop.java:724)
	at io.netty.channel.nio.NioEventLoop.processSelectedKeys(NioEventLoop.java:650)
	at io.netty.channel.nio.NioEventLoop.run(NioEventLoop.java:562)
	at io.netty.util.concurrent.SingleThreadEventExecutor$4.run(SingleThreadEventExecutor.java:997)
	at io.netty.util.internal.ThreadExecutorMap$2.run(ThreadExecutorMap.java:74)
	at io.netty.util.concurrent.FastThreadLocalRunnable.run(FastThreadLocalRunnable.java:30)
	at java.base/java.lang.Thread.run(Thread.java:833)
14:29:29.756 [AsyncHttpClient-1-6] DEBUG org.asynchttpclient.netty.channel.ChannelManager -- Closing Channel [id: 0x35102dd4, L:/127.0.0.1:52660 - R:localhost/127.0.0.1:52653] 
14:29:29.756 [AsyncHttpClient-1-6] DEBUG org.asynchttpclient.netty.handler.HttpHandler -- Channel Closed: [id: 0x35102dd4, L:/127.0.0.1:52660 ! R:localhost/127.0.0.1:52653] with attribute DISCARD
14:29:29.765 [AsyncHttpClient-1-5] DEBUG org.asynchttpclient.netty.handler.HttpHandler -- 

Request DefaultFullHttpRequest(decodeResult: success, version: HTTP/1.1, content: EmptyByteBufBE)
DELETE /session/c421742cd67ef40cb3b9024f8e8d9d99 HTTP/1.1
User-Agent: selenium/4.10.0 (java windows)
Content-Type: application/json; charset=utf-8
host: localhost:27679
accept: */*

Response DefaultHttpResponse(decodeResult: success, version: HTTP/1.1)
HTTP/1.1 200 OK
Content-Length: 14
Content-Type: application/json; charset=utf-8
cache-control: no-cache

14:29:29.766 [AsyncHttpClient-1-5] DEBUG org.asynchttpclient.netty.channel.ChannelManager -- Adding key: http://localhost:27679 for channel [id: 0xcfae1b15, L:/127.0.0.1:52650 - R:localhost/127.0.0.1:27679]
14:29:29.830 [AsyncHttpClient-1-5] DEBUG org.asynchttpclient.netty.handler.HttpHandler -- Channel Closed: [id: 0xcfae1b15, L:/127.0.0.1:52650 ! R:localhost/127.0.0.1:27679] with attribute DISCARD
]]></system-out>
    <system-err><![CDATA[Aug 08, 2023 2:29:26 PM org.openqa.selenium.remote.service.DriverService$Builder getLogOutput
INFO: Driver logs no longer sent to console by default; https://www.selenium.dev/documentation/webdriver/drivers/service/#setting-log-output
Aug 08, 2023 2:29:28 PM org.openqa.selenium.devtools.CdpVersionFinder findNearestMatch
WARNING: Unable to find an exact match for CDP version 115, so returning the closest version found: 114
]]></system-err>
  </testcase>
  <testcase name="Login Data Driven Excel #3" classname="Login Data Driven with Excel" time="3.043">
    <failure type="java.lang.AssertionError"><![CDATA[java.lang.AssertionError
	at org.junit.Assert.fail(Assert.java:87)
	at org.junit.Assert.assertTrue(Assert.java:42)
	at org.junit.Assert.assertTrue(Assert.java:53)
	at stepDefinitions.Steps.check_user_navigates_to_my_account_page_by_passing_email_and_password_with_excel_row(Steps.java:171)
	at ✽.Check User navigates to MyAccount Page by passing Email and Password with excel row "3"(file:///C:/Users/ITamas/IdeaProjects/opencart_cucumber_framework/./Features/LoginDDTExcel.feature:8)
]]></failure>
    <system-out><![CDATA[
Scenario Outline: Login Data Driven Excel                                                      # Features/LoginDDTExcel.feature:14
14:29:30.838 [AsyncHttpClient-1-8] DEBUG org.asynchttpclient.netty.channel.NettyConnectListener -- Using new Channel '[id: 0xb21be85f, L:/127.0.0.1:52685 - R:localhost/127.0.0.1:29295]' for 'POST' to '/session'
14:29:31.525 [AsyncHttpClient-1-8] DEBUG org.asynchttpclient.netty.handler.HttpHandler -- 

Request DefaultHttpRequest(decodeResult: success, version: HTTP/1.1)
POST /session HTTP/1.1
User-Agent: selenium/4.10.0 (java windows)
Content-Length: 254
Content-Type: application/json; charset=utf-8
host: localhost:29295
accept: */*

Response DefaultHttpResponse(decodeResult: success, version: HTTP/1.1)
HTTP/1.1 200 OK
Content-Length: 861
Content-Type: application/json; charset=utf-8
cache-control: no-cache

14:29:31.526 [AsyncHttpClient-1-8] DEBUG org.asynchttpclient.netty.channel.ChannelManager -- Adding key: http://localhost:29295 for channel [id: 0xb21be85f, L:/127.0.0.1:52685 - R:localhost/127.0.0.1:29295]
14:29:31.530 [AsyncHttpClient-1-9] DEBUG org.asynchttpclient.netty.channel.NettyConnectListener -- Using new Channel '[id: 0x7b4b9f19, L:/127.0.0.1:52693 - R:localhost/127.0.0.1:52686]' for 'GET' to '/json/version'
14:29:31.532 [AsyncHttpClient-1-9] DEBUG org.asynchttpclient.netty.handler.HttpHandler -- 

Request DefaultFullHttpRequest(decodeResult: success, version: HTTP/1.1, content: EmptyByteBufBE)
GET /json/version HTTP/1.1
User-Agent: selenium/4.10.0 (java windows)
host: localhost:52686
accept: */*

Response DefaultHttpResponse(decodeResult: success, version: HTTP/1.1)
HTTP/1.1 200 OK
Content-Security-Policy: frame-ancestors 'none'
Content-Length: 424
Content-Type: application/json; charset=UTF-8

14:29:31.532 [AsyncHttpClient-1-9] DEBUG org.asynchttpclient.netty.channel.ChannelManager -- Adding key: http://localhost:52686 for channel [id: 0x7b4b9f19, L:/127.0.0.1:52693 - R:localhost/127.0.0.1:52686]
14:29:31.534 [AsyncHttpClient-1-10] DEBUG org.asynchttpclient.netty.channel.NettyConnectListener -- Using new Channel '[id: 0x550600db, L:/127.0.0.1:52694 - R:localhost/127.0.0.1:52686]' for 'GET' to '/devtools/browser/a7058b65-6a85-4c87-9968-907a399f26b3'
14:29:31.536 [AsyncHttpClient-1-10] DEBUG org.asynchttpclient.netty.handler.WebSocketHandler -- 

Request DefaultFullHttpRequest(decodeResult: success, version: HTTP/1.1, content: EmptyByteBufBE)
GET /devtools/browser/a7058b65-6a85-4c87-9968-907a399f26b3 HTTP/1.1
upgrade: websocket
connection: upgrade
sec-websocket-key: fbaLDgPvQIDI4/5VfEr3+g==
sec-websocket-version: 13
origin: http://localhost:52686
host: localhost:52686
accept: */*
user-agent: AHC/2.1

Response DefaultHttpResponse(decodeResult: success, version: HTTP/1.1)
HTTP/1.1 101 WebSocket Protocol Handshake
Upgrade: WebSocket
Connection: Upgrade
Sec-WebSocket-Accept: EBOeOXZA8Pkki+M92M5IaCcMGLo=

14:29:31.539 [Forwarding setTimeout on session d19d482c83f90a7025f6893b207f6e2c to remote] DEBUG org.asynchttpclient.netty.request.NettyRequestSender -- Using pooled Channel '[id: 0xb21be85f, L:/127.0.0.1:52685 - R:localhost/127.0.0.1:29295]' for 'POST' to 'http://localhost:29295/session/d19d482c83f90a7025f6893b207f6e2c/timeouts'
14:29:31.540 [Forwarding setTimeout on session d19d482c83f90a7025f6893b207f6e2c to remote] DEBUG org.asynchttpclient.netty.request.NettyRequestSender -- Using open Channel [id: 0xb21be85f, L:/127.0.0.1:52685 - R:localhost/127.0.0.1:29295] for POST '/session/d19d482c83f90a7025f6893b207f6e2c/timeouts'
14:29:31.540 [AsyncHttpClient-1-8] DEBUG org.asynchttpclient.netty.handler.HttpHandler -- 

Request DefaultHttpRequest(decodeResult: success, version: HTTP/1.1)
POST /session/d19d482c83f90a7025f6893b207f6e2c/timeouts HTTP/1.1
User-Agent: selenium/4.10.0 (java windows)
Content-Length: 23
Content-Type: application/json; charset=utf-8
host: localhost:29295
accept: */*

Response DefaultHttpResponse(decodeResult: success, version: HTTP/1.1)
HTTP/1.1 200 OK
Content-Length: 14
Content-Type: application/json; charset=utf-8
cache-control: no-cache

14:29:31.541 [AsyncHttpClient-1-8] DEBUG org.asynchttpclient.netty.channel.ChannelManager -- Adding key: http://localhost:29295 for channel [id: 0xb21be85f, L:/127.0.0.1:52685 - R:localhost/127.0.0.1:29295]
  Given User launches browser                                                                  # stepDefinitions.Steps.user_launches_browser()
14:29:31.543 [Forwarding get on session d19d482c83f90a7025f6893b207f6e2c to remote] DEBUG org.asynchttpclient.netty.request.NettyRequestSender -- Using pooled Channel '[id: 0xb21be85f, L:/127.0.0.1:52685 - R:localhost/127.0.0.1:29295]' for 'POST' to 'http://localhost:29295/session/d19d482c83f90a7025f6893b207f6e2c/url'
14:29:31.543 [Forwarding get on session d19d482c83f90a7025f6893b207f6e2c to remote] DEBUG org.asynchttpclient.netty.request.NettyRequestSender -- Using open Channel [id: 0xb21be85f, L:/127.0.0.1:52685 - R:localhost/127.0.0.1:29295] for POST '/session/d19d482c83f90a7025f6893b207f6e2c/url'
14:29:31.890 [AsyncHttpClient-1-8] DEBUG org.asynchttpclient.netty.handler.HttpHandler -- 

Request DefaultHttpRequest(decodeResult: success, version: HTTP/1.1)
POST /session/d19d482c83f90a7025f6893b207f6e2c/url HTTP/1.1
User-Agent: selenium/4.10.0 (java windows)
Content-Length: 76
Content-Type: application/json; charset=utf-8
host: localhost:29295
accept: */*

Response DefaultHttpResponse(decodeResult: success, version: HTTP/1.1)
HTTP/1.1 200 OK
Content-Length: 14
Content-Type: application/json; charset=utf-8
cache-control: no-cache

14:29:31.890 [AsyncHttpClient-1-8] DEBUG org.asynchttpclient.netty.channel.ChannelManager -- Adding key: http://localhost:29295 for channel [id: 0xb21be85f, L:/127.0.0.1:52685 - R:localhost/127.0.0.1:29295]
14:29:31.892 [Forwarding maximizeCurrentWindow on session d19d482c83f90a7025f6893b207f6e2c to remote] DEBUG org.asynchttpclient.netty.request.NettyRequestSender -- Using pooled Channel '[id: 0xb21be85f, L:/127.0.0.1:52685 - R:localhost/127.0.0.1:29295]' for 'POST' to 'http://localhost:29295/session/d19d482c83f90a7025f6893b207f6e2c/window/maximize'
14:29:31.892 [Forwarding maximizeCurrentWindow on session d19d482c83f90a7025f6893b207f6e2c to remote] DEBUG org.asynchttpclient.netty.request.NettyRequestSender -- Using open Channel [id: 0xb21be85f, L:/127.0.0.1:52685 - R:localhost/127.0.0.1:29295] for POST '/session/d19d482c83f90a7025f6893b207f6e2c/window/maximize'
14:29:32.024 [AsyncHttpClient-1-8] DEBUG org.asynchttpclient.netty.handler.HttpHandler -- 

Request DefaultHttpRequest(decodeResult: success, version: HTTP/1.1)
POST /session/d19d482c83f90a7025f6893b207f6e2c/window/maximize HTTP/1.1
User-Agent: selenium/4.10.0 (java windows)
Content-Length: 3
Content-Type: application/json; charset=utf-8
host: localhost:29295
accept: */*

Response DefaultHttpResponse(decodeResult: success, version: HTTP/1.1)
HTTP/1.1 200 OK
Content-Length: 51
Content-Type: application/json; charset=utf-8
cache-control: no-cache

14:29:32.024 [AsyncHttpClient-1-8] DEBUG org.asynchttpclient.netty.channel.ChannelManager -- Adding key: http://localhost:29295 for channel [id: 0xb21be85f, L:/127.0.0.1:52685 - R:localhost/127.0.0.1:29295]
  And Opens URL "http://localhost:81/opencart/upload/"                                         # stepDefinitions.Steps.opens_url(java.lang.String)
14:29:32.027 [Forwarding findElement on session d19d482c83f90a7025f6893b207f6e2c to remote] DEBUG org.asynchttpclient.netty.request.NettyRequestSender -- Using pooled Channel '[id: 0xb21be85f, L:/127.0.0.1:52685 - R:localhost/127.0.0.1:29295]' for 'POST' to 'http://localhost:29295/session/d19d482c83f90a7025f6893b207f6e2c/element'
14:29:32.028 [Forwarding findElement on session d19d482c83f90a7025f6893b207f6e2c to remote] DEBUG org.asynchttpclient.netty.request.NettyRequestSender -- Using open Channel [id: 0xb21be85f, L:/127.0.0.1:52685 - R:localhost/127.0.0.1:29295] for POST '/session/d19d482c83f90a7025f6893b207f6e2c/element'
14:29:32.043 [AsyncHttpClient-1-8] DEBUG org.asynchttpclient.netty.handler.HttpHandler -- 

Request DefaultHttpRequest(decodeResult: success, version: HTTP/1.1)
POST /session/d19d482c83f90a7025f6893b207f6e2c/element HTTP/1.1
User-Agent: selenium/4.10.0 (java windows)
Content-Length: 74
Content-Type: application/json; charset=utf-8
host: localhost:29295
accept: */*

Response DefaultHttpResponse(decodeResult: success, version: HTTP/1.1)
HTTP/1.1 200 OK
Content-Length: 95
Content-Type: application/json; charset=utf-8
cache-control: no-cache

14:29:32.043 [AsyncHttpClient-1-8] DEBUG org.asynchttpclient.netty.channel.ChannelManager -- Adding key: http://localhost:29295 for channel [id: 0xb21be85f, L:/127.0.0.1:52685 - R:localhost/127.0.0.1:29295]
14:29:32.045 [Forwarding clickElement on session d19d482c83f90a7025f6893b207f6e2c to remote] DEBUG org.asynchttpclient.netty.request.NettyRequestSender -- Using pooled Channel '[id: 0xb21be85f, L:/127.0.0.1:52685 - R:localhost/127.0.0.1:29295]' for 'POST' to 'http://localhost:29295/session/d19d482c83f90a7025f6893b207f6e2c/element/EC83F9C936FFF4703F07206BF6F4C40D_element_51/click'
14:29:32.045 [Forwarding clickElement on session d19d482c83f90a7025f6893b207f6e2c to remote] DEBUG org.asynchttpclient.netty.request.NettyRequestSender -- Using open Channel [id: 0xb21be85f, L:/127.0.0.1:52685 - R:localhost/127.0.0.1:29295] for POST '/session/d19d482c83f90a7025f6893b207f6e2c/element/EC83F9C936FFF4703F07206BF6F4C40D_element_51/click'
14:29:32.104 [AsyncHttpClient-1-8] DEBUG org.asynchttpclient.netty.handler.HttpHandler -- 

Request DefaultHttpRequest(decodeResult: success, version: HTTP/1.1)
POST /session/d19d482c83f90a7025f6893b207f6e2c/element/EC83F9C936FFF4703F07206BF6F4C40D_element_51/click HTTP/1.1
User-Agent: selenium/4.10.0 (java windows)
Content-Length: 57
Content-Type: application/json; charset=utf-8
host: localhost:29295
accept: */*

Response DefaultHttpResponse(decodeResult: success, version: HTTP/1.1)
HTTP/1.1 200 OK
Content-Length: 14
Content-Type: application/json; charset=utf-8
cache-control: no-cache

14:29:32.105 [AsyncHttpClient-1-8] DEBUG org.asynchttpclient.netty.channel.ChannelManager -- Adding key: http://localhost:29295 for channel [id: 0xb21be85f, L:/127.0.0.1:52685 - R:localhost/127.0.0.1:29295]
  When User navigates to MyAccount menu                                                        # stepDefinitions.Steps.user_navigates_to_my_account()
14:29:32.106 [Forwarding findElement on session d19d482c83f90a7025f6893b207f6e2c to remote] DEBUG org.asynchttpclient.netty.request.NettyRequestSender -- Using pooled Channel '[id: 0xb21be85f, L:/127.0.0.1:52685 - R:localhost/127.0.0.1:29295]' for 'POST' to 'http://localhost:29295/session/d19d482c83f90a7025f6893b207f6e2c/element'
14:29:32.106 [Forwarding findElement on session d19d482c83f90a7025f6893b207f6e2c to remote] DEBUG org.asynchttpclient.netty.request.NettyRequestSender -- Using open Channel [id: 0xb21be85f, L:/127.0.0.1:52685 - R:localhost/127.0.0.1:29295] for POST '/session/d19d482c83f90a7025f6893b207f6e2c/element'
14:29:32.124 [AsyncHttpClient-1-8] DEBUG org.asynchttpclient.netty.handler.HttpHandler -- 

Request DefaultHttpRequest(decodeResult: success, version: HTTP/1.1)
POST /session/d19d482c83f90a7025f6893b207f6e2c/element HTTP/1.1
User-Agent: selenium/4.10.0 (java windows)
Content-Length: 46
Content-Type: application/json; charset=utf-8
host: localhost:29295
accept: */*

Response DefaultHttpResponse(decodeResult: success, version: HTTP/1.1)
HTTP/1.1 200 OK
Content-Length: 95
Content-Type: application/json; charset=utf-8
cache-control: no-cache

14:29:32.124 [AsyncHttpClient-1-8] DEBUG org.asynchttpclient.netty.channel.ChannelManager -- Adding key: http://localhost:29295 for channel [id: 0xb21be85f, L:/127.0.0.1:52685 - R:localhost/127.0.0.1:29295]
14:29:32.125 [Forwarding clickElement on session d19d482c83f90a7025f6893b207f6e2c to remote] DEBUG org.asynchttpclient.netty.request.NettyRequestSender -- Using pooled Channel '[id: 0xb21be85f, L:/127.0.0.1:52685 - R:localhost/127.0.0.1:29295]' for 'POST' to 'http://localhost:29295/session/d19d482c83f90a7025f6893b207f6e2c/element/EC83F9C936FFF4703F07206BF6F4C40D_element_52/click'
14:29:32.126 [Forwarding clickElement on session d19d482c83f90a7025f6893b207f6e2c to remote] DEBUG org.asynchttpclient.netty.request.NettyRequestSender -- Using open Channel [id: 0xb21be85f, L:/127.0.0.1:52685 - R:localhost/127.0.0.1:29295] for POST '/session/d19d482c83f90a7025f6893b207f6e2c/element/EC83F9C936FFF4703F07206BF6F4C40D_element_52/click'
14:29:32.445 [AsyncHttpClient-1-8] DEBUG org.asynchttpclient.netty.handler.HttpHandler -- 

Request DefaultHttpRequest(decodeResult: success, version: HTTP/1.1)
POST /session/d19d482c83f90a7025f6893b207f6e2c/element/EC83F9C936FFF4703F07206BF6F4C40D_element_52/click HTTP/1.1
User-Agent: selenium/4.10.0 (java windows)
Content-Length: 57
Content-Type: application/json; charset=utf-8
host: localhost:29295
accept: */*

Response DefaultHttpResponse(decodeResult: success, version: HTTP/1.1)
HTTP/1.1 200 OK
Content-Length: 14
Content-Type: application/json; charset=utf-8
cache-control: no-cache

14:29:32.445 [AsyncHttpClient-1-8] DEBUG org.asynchttpclient.netty.channel.ChannelManager -- Adding key: http://localhost:29295 for channel [id: 0xb21be85f, L:/127.0.0.1:52685 - R:localhost/127.0.0.1:29295]
  And Clicks on Login                                                                          # stepDefinitions.Steps.click_on_login()
14:29:32.474 [Forwarding findElement on session d19d482c83f90a7025f6893b207f6e2c to remote] DEBUG org.asynchttpclient.netty.request.NettyRequestSender -- Using pooled Channel '[id: 0xb21be85f, L:/127.0.0.1:52685 - R:localhost/127.0.0.1:29295]' for 'POST' to 'http://localhost:29295/session/d19d482c83f90a7025f6893b207f6e2c/element'
14:29:32.474 [Forwarding findElement on session d19d482c83f90a7025f6893b207f6e2c to remote] DEBUG org.asynchttpclient.netty.request.NettyRequestSender -- Using open Channel [id: 0xb21be85f, L:/127.0.0.1:52685 - R:localhost/127.0.0.1:29295] for POST '/session/d19d482c83f90a7025f6893b207f6e2c/element'
14:29:32.485 [AsyncHttpClient-1-8] DEBUG org.asynchttpclient.netty.handler.HttpHandler -- 

Request DefaultHttpRequest(decodeResult: success, version: HTTP/1.1)
POST /session/d19d482c83f90a7025f6893b207f6e2c/element HTTP/1.1
User-Agent: selenium/4.10.0 (java windows)
Content-Length: 73
Content-Type: application/json; charset=utf-8
host: localhost:29295
accept: */*

Response DefaultHttpResponse(decodeResult: success, version: HTTP/1.1)
HTTP/1.1 200 OK
Content-Length: 95
Content-Type: application/json; charset=utf-8
cache-control: no-cache

14:29:32.485 [AsyncHttpClient-1-8] DEBUG org.asynchttpclient.netty.channel.ChannelManager -- Adding key: http://localhost:29295 for channel [id: 0xb21be85f, L:/127.0.0.1:52685 - R:localhost/127.0.0.1:29295]
14:29:32.486 [Forwarding sendKeysToElement on session d19d482c83f90a7025f6893b207f6e2c to remote] DEBUG org.asynchttpclient.netty.request.NettyRequestSender -- Using pooled Channel '[id: 0xb21be85f, L:/127.0.0.1:52685 - R:localhost/127.0.0.1:29295]' for 'POST' to 'http://localhost:29295/session/d19d482c83f90a7025f6893b207f6e2c/element/5E20353858D6EE8E1A7563D67E2D00FF_element_80/value'
14:29:32.486 [Forwarding sendKeysToElement on session d19d482c83f90a7025f6893b207f6e2c to remote] DEBUG org.asynchttpclient.netty.request.NettyRequestSender -- Using open Channel [id: 0xb21be85f, L:/127.0.0.1:52685 - R:localhost/127.0.0.1:29295] for POST '/session/d19d482c83f90a7025f6893b207f6e2c/element/5E20353858D6EE8E1A7563D67E2D00FF_element_80/value'
14:29:32.536 [AsyncHttpClient-1-8] DEBUG org.asynchttpclient.netty.handler.HttpHandler -- 

Request DefaultHttpRequest(decodeResult: success, version: HTTP/1.1)
POST /session/d19d482c83f90a7025f6893b207f6e2c/element/5E20353858D6EE8E1A7563D67E2D00FF_element_80/value HTTP/1.1
User-Agent: selenium/4.10.0 (java windows)
Content-Length: 238
Content-Type: application/json; charset=utf-8
host: localhost:29295
accept: */*

Response DefaultHttpResponse(decodeResult: success, version: HTTP/1.1)
HTTP/1.1 200 OK
Content-Length: 14
Content-Type: application/json; charset=utf-8
cache-control: no-cache

14:29:32.536 [AsyncHttpClient-1-8] DEBUG org.asynchttpclient.netty.channel.ChannelManager -- Adding key: http://localhost:29295 for channel [id: 0xb21be85f, L:/127.0.0.1:52685 - R:localhost/127.0.0.1:29295]
14:29:32.537 [Forwarding findElement on session d19d482c83f90a7025f6893b207f6e2c to remote] DEBUG org.asynchttpclient.netty.request.NettyRequestSender -- Using pooled Channel '[id: 0xb21be85f, L:/127.0.0.1:52685 - R:localhost/127.0.0.1:29295]' for 'POST' to 'http://localhost:29295/session/d19d482c83f90a7025f6893b207f6e2c/element'
14:29:32.537 [Forwarding findElement on session d19d482c83f90a7025f6893b207f6e2c to remote] DEBUG org.asynchttpclient.netty.request.NettyRequestSender -- Using open Channel [id: 0xb21be85f, L:/127.0.0.1:52685 - R:localhost/127.0.0.1:29295] for POST '/session/d19d482c83f90a7025f6893b207f6e2c/element'
14:29:32.543 [AsyncHttpClient-1-8] DEBUG org.asynchttpclient.netty.handler.HttpHandler -- 

Request DefaultHttpRequest(decodeResult: success, version: HTTP/1.1)
POST /session/d19d482c83f90a7025f6893b207f6e2c/element HTTP/1.1
User-Agent: selenium/4.10.0 (java windows)
Content-Length: 76
Content-Type: application/json; charset=utf-8
host: localhost:29295
accept: */*

Response DefaultHttpResponse(decodeResult: success, version: HTTP/1.1)
HTTP/1.1 200 OK
Content-Length: 95
Content-Type: application/json; charset=utf-8
cache-control: no-cache

14:29:32.543 [AsyncHttpClient-1-8] DEBUG org.asynchttpclient.netty.channel.ChannelManager -- Adding key: http://localhost:29295 for channel [id: 0xb21be85f, L:/127.0.0.1:52685 - R:localhost/127.0.0.1:29295]
14:29:32.544 [Forwarding sendKeysToElement on session d19d482c83f90a7025f6893b207f6e2c to remote] DEBUG org.asynchttpclient.netty.request.NettyRequestSender -- Using pooled Channel '[id: 0xb21be85f, L:/127.0.0.1:52685 - R:localhost/127.0.0.1:29295]' for 'POST' to 'http://localhost:29295/session/d19d482c83f90a7025f6893b207f6e2c/element/5E20353858D6EE8E1A7563D67E2D00FF_element_78/value'
14:29:32.544 [Forwarding sendKeysToElement on session d19d482c83f90a7025f6893b207f6e2c to remote] DEBUG org.asynchttpclient.netty.request.NettyRequestSender -- Using open Channel [id: 0xb21be85f, L:/127.0.0.1:52685 - R:localhost/127.0.0.1:29295] for POST '/session/d19d482c83f90a7025f6893b207f6e2c/element/5E20353858D6EE8E1A7563D67E2D00FF_element_78/value'
14:29:32.573 [AsyncHttpClient-1-8] DEBUG org.asynchttpclient.netty.handler.HttpHandler -- 

Request DefaultHttpRequest(decodeResult: success, version: HTTP/1.1)
POST /session/d19d482c83f90a7025f6893b207f6e2c/element/5E20353858D6EE8E1A7563D67E2D00FF_element_78/value HTTP/1.1
User-Agent: selenium/4.10.0 (java windows)
Content-Length: 158
Content-Type: application/json; charset=utf-8
host: localhost:29295
accept: */*

Response DefaultHttpResponse(decodeResult: success, version: HTTP/1.1)
HTTP/1.1 200 OK
Content-Length: 14
Content-Type: application/json; charset=utf-8
cache-control: no-cache

14:29:32.573 [AsyncHttpClient-1-8] DEBUG org.asynchttpclient.netty.channel.ChannelManager -- Adding key: http://localhost:29295 for channel [id: 0xb21be85f, L:/127.0.0.1:52685 - R:localhost/127.0.0.1:29295]
14:29:32.574 [Forwarding findElement on session d19d482c83f90a7025f6893b207f6e2c to remote] DEBUG org.asynchttpclient.netty.request.NettyRequestSender -- Using pooled Channel '[id: 0xb21be85f, L:/127.0.0.1:52685 - R:localhost/127.0.0.1:29295]' for 'POST' to 'http://localhost:29295/session/d19d482c83f90a7025f6893b207f6e2c/element'
14:29:32.574 [Forwarding findElement on session d19d482c83f90a7025f6893b207f6e2c to remote] DEBUG org.asynchttpclient.netty.request.NettyRequestSender -- Using open Channel [id: 0xb21be85f, L:/127.0.0.1:52685 - R:localhost/127.0.0.1:29295] for POST '/session/d19d482c83f90a7025f6893b207f6e2c/element'
14:29:32.581 [AsyncHttpClient-1-8] DEBUG org.asynchttpclient.netty.handler.HttpHandler -- 

Request DefaultHttpRequest(decodeResult: success, version: HTTP/1.1)
POST /session/d19d482c83f90a7025f6893b207f6e2c/element HTTP/1.1
User-Agent: selenium/4.10.0 (java windows)
Content-Length: 82
Content-Type: application/json; charset=utf-8
host: localhost:29295
accept: */*

Response DefaultHttpResponse(decodeResult: success, version: HTTP/1.1)
HTTP/1.1 200 OK
Content-Length: 95
Content-Type: application/json; charset=utf-8
cache-control: no-cache

14:29:32.581 [AsyncHttpClient-1-8] DEBUG org.asynchttpclient.netty.channel.ChannelManager -- Adding key: http://localhost:29295 for channel [id: 0xb21be85f, L:/127.0.0.1:52685 - R:localhost/127.0.0.1:29295]
14:29:32.582 [Forwarding clickElement on session d19d482c83f90a7025f6893b207f6e2c to remote] DEBUG org.asynchttpclient.netty.request.NettyRequestSender -- Using pooled Channel '[id: 0xb21be85f, L:/127.0.0.1:52685 - R:localhost/127.0.0.1:29295]' for 'POST' to 'http://localhost:29295/session/d19d482c83f90a7025f6893b207f6e2c/element/5E20353858D6EE8E1A7563D67E2D00FF_element_84/click'
14:29:32.582 [Forwarding clickElement on session d19d482c83f90a7025f6893b207f6e2c to remote] DEBUG org.asynchttpclient.netty.request.NettyRequestSender -- Using open Channel [id: 0xb21be85f, L:/127.0.0.1:52685 - R:localhost/127.0.0.1:29295] for POST '/session/d19d482c83f90a7025f6893b207f6e2c/element/5E20353858D6EE8E1A7563D67E2D00FF_element_84/click'
14:29:32.606 [AsyncHttpClient-1-8] DEBUG org.asynchttpclient.netty.handler.HttpHandler -- 

Request DefaultHttpRequest(decodeResult: success, version: HTTP/1.1)
POST /session/d19d482c83f90a7025f6893b207f6e2c/element/5E20353858D6EE8E1A7563D67E2D00FF_element_84/click HTTP/1.1
User-Agent: selenium/4.10.0 (java windows)
Content-Length: 57
Content-Type: application/json; charset=utf-8
host: localhost:29295
accept: */*

Response DefaultHttpResponse(decodeResult: success, version: HTTP/1.1)
HTTP/1.1 200 OK
Content-Length: 14
Content-Type: application/json; charset=utf-8
cache-control: no-cache

14:29:32.606 [AsyncHttpClient-1-8] DEBUG org.asynchttpclient.netty.channel.ChannelManager -- Adding key: http://localhost:29295 for channel [id: 0xb21be85f, L:/127.0.0.1:52685 - R:localhost/127.0.0.1:29295]
  Then Check User navigates to MyAccount Page by passing Email and Password with excel row "3" # stepDefinitions.Steps.check_user_navigates_to_my_account_page_by_passing_email_and_password_with_excel_row(java.lang.String)
      java.lang.AssertionError
	at org.junit.Assert.fail(Assert.java:87)
	at org.junit.Assert.assertTrue(Assert.java:42)
	at org.junit.Assert.assertTrue(Assert.java:53)
	at stepDefinitions.Steps.check_user_navigates_to_my_account_page_by_passing_email_and_password_with_excel_row(Steps.java:171)
	at âœ½.Check User navigates to MyAccount Page by passing Email and Password with excel row "3"(file:///C:/Users/ITamas/IdeaProjects/opencart_cucumber_framework/./Features/LoginDDTExcel.feature:8)

Scenario status ======> FAILED
14:29:32.608 [Forwarding screenshot on session d19d482c83f90a7025f6893b207f6e2c to remote] DEBUG org.asynchttpclient.netty.request.NettyRequestSender -- Using pooled Channel '[id: 0xb21be85f, L:/127.0.0.1:52685 - R:localhost/127.0.0.1:29295]' for 'GET' to 'http://localhost:29295/session/d19d482c83f90a7025f6893b207f6e2c/screenshot'
14:29:32.608 [Forwarding screenshot on session d19d482c83f90a7025f6893b207f6e2c to remote] DEBUG org.asynchttpclient.netty.request.NettyRequestSender -- Using open Channel [id: 0xb21be85f, L:/127.0.0.1:52685 - R:localhost/127.0.0.1:29295] for GET '/session/d19d482c83f90a7025f6893b207f6e2c/screenshot'
14:29:32.726 [AsyncHttpClient-1-8] DEBUG org.asynchttpclient.netty.handler.HttpHandler -- 

Request DefaultFullHttpRequest(decodeResult: success, version: HTTP/1.1, content: EmptyByteBufBE)
GET /session/d19d482c83f90a7025f6893b207f6e2c/screenshot HTTP/1.1
User-Agent: selenium/4.10.0 (java windows)
Cache-Control: no-cache
Content-Type: application/json; charset=utf-8
host: localhost:29295
accept: */*

Response DefaultHttpResponse(decodeResult: success, version: HTTP/1.1)
HTTP/1.1 200 OK
Content-Length: 127672
Content-Type: application/json; charset=utf-8
cache-control: no-cache

14:29:32.727 [AsyncHttpClient-1-8] DEBUG org.asynchttpclient.netty.channel.ChannelManager -- Adding key: http://localhost:29295 for channel [id: 0xb21be85f, L:/127.0.0.1:52685 - R:localhost/127.0.0.1:29295]

    Embedding Login Data Driven Excel [image/png 95745 bytes]

14:29:32.731 [AsyncHttpClient-1-10] DEBUG org.asynchttpclient.netty.handler.WebSocketHandler -- Channel Closed: [id: 0x550600db, L:/127.0.0.1:52694 ! R:localhost/127.0.0.1:52686] with attribute NettyResponseFuture{currentRetry=0,
	isDone=1,
	isCancelled=0,
	asyncHandler=org.asynchttpclient.ws.WebSocketUpgradeHandler@3f3ab686,
	nettyRequest=org.asynchttpclient.netty.request.NettyRequest@7a383f05,
	future=java.util.concurrent.CompletableFuture@59b670d9[Completed normally],
	uri=ws://localhost:52686/devtools/browser/a7058b65-6a85-4c87-9968-907a399f26b3,
	keepAlive=true,
	redirectCount=0,
	timeoutsHolder=null,
	inAuth=0,
	touch=1691494171537}
14:29:32.731 [AsyncHttpClient-1-10] DEBUG org.asynchttpclient.netty.channel.ChannelManager -- Closing Channel [id: 0x550600db, L:/127.0.0.1:52694 ! R:localhost/127.0.0.1:52686] 
14:29:32.732 [Driver Command Executor] DEBUG org.asynchttpclient.netty.request.NettyRequestSender -- Using pooled Channel '[id: 0xb21be85f, L:/127.0.0.1:52685 - R:localhost/127.0.0.1:29295]' for 'DELETE' to 'http://localhost:29295/session/d19d482c83f90a7025f6893b207f6e2c'
14:29:32.732 [Driver Command Executor] DEBUG org.asynchttpclient.netty.request.NettyRequestSender -- Using open Channel [id: 0xb21be85f, L:/127.0.0.1:52685 - R:localhost/127.0.0.1:29295] for DELETE '/session/d19d482c83f90a7025f6893b207f6e2c'
14:29:32.802 [AsyncHttpClient-1-9] DEBUG org.asynchttpclient.netty.handler.HttpHandler -- Unexpected I/O exception on channel [id: 0x7b4b9f19, L:/127.0.0.1:52693 - R:localhost/127.0.0.1:52686]
java.net.SocketException: Connection reset
	at java.base/sun.nio.ch.SocketChannelImpl.throwConnectionReset(SocketChannelImpl.java:394)
	at java.base/sun.nio.ch.SocketChannelImpl.read(SocketChannelImpl.java:426)
	at io.netty.buffer.PooledByteBuf.setBytes(PooledByteBuf.java:256)
	at io.netty.buffer.AbstractByteBuf.writeBytes(AbstractByteBuf.java:1132)
	at io.netty.channel.socket.nio.NioSocketChannel.doReadBytes(NioSocketChannel.java:357)
	at io.netty.channel.nio.AbstractNioByteChannel$NioByteUnsafe.read(AbstractNioByteChannel.java:151)
	at io.netty.channel.nio.NioEventLoop.processSelectedKey(NioEventLoop.java:788)
	at io.netty.channel.nio.NioEventLoop.processSelectedKeysOptimized(NioEventLoop.java:724)
	at io.netty.channel.nio.NioEventLoop.processSelectedKeys(NioEventLoop.java:650)
	at io.netty.channel.nio.NioEventLoop.run(NioEventLoop.java:562)
	at io.netty.util.concurrent.SingleThreadEventExecutor$4.run(SingleThreadEventExecutor.java:997)
	at io.netty.util.internal.ThreadExecutorMap$2.run(ThreadExecutorMap.java:74)
	at io.netty.util.concurrent.FastThreadLocalRunnable.run(FastThreadLocalRunnable.java:30)
	at java.base/java.lang.Thread.run(Thread.java:833)
14:29:32.802 [AsyncHttpClient-1-9] DEBUG org.asynchttpclient.netty.channel.ChannelManager -- Closing Channel [id: 0x7b4b9f19, L:/127.0.0.1:52693 - R:localhost/127.0.0.1:52686] 
14:29:32.803 [AsyncHttpClient-1-9] DEBUG org.asynchttpclient.netty.handler.HttpHandler -- Channel Closed: [id: 0x7b4b9f19, L:/127.0.0.1:52693 ! R:localhost/127.0.0.1:52686] with attribute DISCARD
14:29:32.815 [AsyncHttpClient-1-8] DEBUG org.asynchttpclient.netty.handler.HttpHandler -- 

Request DefaultFullHttpRequest(decodeResult: success, version: HTTP/1.1, content: EmptyByteBufBE)
DELETE /session/d19d482c83f90a7025f6893b207f6e2c HTTP/1.1
User-Agent: selenium/4.10.0 (java windows)
Content-Type: application/json; charset=utf-8
host: localhost:29295
accept: */*

Response DefaultHttpResponse(decodeResult: success, version: HTTP/1.1)
HTTP/1.1 200 OK
Content-Length: 14
Content-Type: application/json; charset=utf-8
cache-control: no-cache

14:29:32.815 [AsyncHttpClient-1-8] DEBUG org.asynchttpclient.netty.channel.ChannelManager -- Adding key: http://localhost:29295 for channel [id: 0xb21be85f, L:/127.0.0.1:52685 - R:localhost/127.0.0.1:29295]
14:29:32.884 [AsyncHttpClient-1-8] DEBUG org.asynchttpclient.netty.handler.HttpHandler -- Channel Closed: [id: 0xb21be85f, L:/127.0.0.1:52685 ! R:localhost/127.0.0.1:29295] with attribute DISCARD
]]></system-out>
    <system-err><![CDATA[Aug 08, 2023 2:29:29 PM org.openqa.selenium.remote.service.DriverService$Builder getLogOutput
INFO: Driver logs no longer sent to console by default; https://www.selenium.dev/documentation/webdriver/drivers/service/#setting-log-output
Aug 08, 2023 2:29:31 PM org.openqa.selenium.devtools.CdpVersionFinder findNearestMatch
WARNING: Unable to find an exact match for CDP version 115, so returning the closest version found: 114
]]></system-err>
  </testcase>
</testsuite>